{'application_name': 'cafqa_optimization', 'optimization_objectives': ['value'], 'design_of_experiment': {'number_of_samples': 100, 'doe_type': 'random sampling'}, 'optimization_iterations': 100, 'models': {'model': 'random_forest', 'number_of_trees': 10, 'max_features': 0.5, 'bootstrap': False, 'min_samples_split': 5}, 'input_parameters': {'x0': {'parameter_type': 'ordinal', 'values': [0, 1, 2, 3], 'parameter_default': 0, 'prior': 'uniform', 'custom_gaussian_prior_means': False, 'custom_gaussian_prior_stds': False}, 'x1': {'parameter_type': 'ordinal', 'values': [0, 1, 2, 3], 'parameter_default': 3, 'prior': 'uniform', 'custom_gaussian_prior_means': False, 'custom_gaussian_prior_stds': False}, 'x2': {'parameter_type': 'ordinal', 'values': [0, 1, 2, 3], 'parameter_default': 2, 'prior': 'uniform', 'custom_gaussian_prior_means': False, 'custom_gaussian_prior_stds': False}, 'x3': {'parameter_type': 'ordinal', 'values': [0, 1, 2, 3], 'parameter_default': 2, 'prior': 'uniform', 'custom_gaussian_prior_means': False, 'custom_gaussian_prior_stds': False}, 'x4': {'parameter_type': 'ordinal', 'values': [0, 1, 2, 3], 'parameter_default': 0, 'prior': 'uniform', 'custom_gaussian_prior_means': False, 'custom_gaussian_prior_stds': False}, 'x5': {'parameter_type': 'ordinal', 'values': [0, 1, 2, 3], 'parameter_default': 3, 'prior': 'uniform', 'custom_gaussian_prior_means': False, 'custom_gaussian_prior_stds': False}, 'x6': {'parameter_type': 'ordinal', 'values': [0, 1, 2, 3], 'parameter_default': 1, 'prior': 'uniform', 'custom_gaussian_prior_means': False, 'custom_gaussian_prior_stds': False}, 'x7': {'parameter_type': 'ordinal', 'values': [0, 1, 2, 3], 'parameter_default': 0, 'prior': 'uniform', 'custom_gaussian_prior_means': False, 'custom_gaussian_prior_stds': False}, 'x8': {'parameter_type': 'ordinal', 'values': [0, 1, 2, 3], 'parameter_default': 1, 'prior': 'uniform', 'custom_gaussian_prior_means': False, 'custom_gaussian_prior_stds': False}, 'x9': {'parameter_type': 'ordinal', 'values': [0, 1, 2, 3], 'parameter_default': 1, 'prior': 'uniform', 'custom_gaussian_prior_means': False, 'custom_gaussian_prior_stds': False}, 'x10': {'parameter_type': 'ordinal', 'values': [0, 1, 2, 3], 'parameter_default': 2, 'prior': 'uniform', 'custom_gaussian_prior_means': False, 'custom_gaussian_prior_stds': False}, 'x11': {'parameter_type': 'ordinal', 'values': [0, 1, 2, 3], 'parameter_default': 2, 'prior': 'uniform', 'custom_gaussian_prior_means': False, 'custom_gaussian_prior_stds': False}, 'x12': {'parameter_type': 'ordinal', 'values': [0, 1, 2, 3], 'parameter_default': 0, 'prior': 'uniform', 'custom_gaussian_prior_means': False, 'custom_gaussian_prior_stds': False}, 'x13': {'parameter_type': 'ordinal', 'values': [0, 1, 2, 3], 'parameter_default': 2, 'prior': 'uniform', 'custom_gaussian_prior_means': False, 'custom_gaussian_prior_stds': False}, 'x14': {'parameter_type': 'ordinal', 'values': [0, 1, 2, 3], 'parameter_default': 2, 'prior': 'uniform', 'custom_gaussian_prior_means': False, 'custom_gaussian_prior_stds': False}, 'x15': {'parameter_type': 'ordinal', 'values': [0, 1, 2, 3], 'parameter_default': 2, 'prior': 'uniform', 'custom_gaussian_prior_means': False, 'custom_gaussian_prior_stds': False}}, 'print_best': True, 'print_posterior_best': True, 'log_file': 'cafqa_example_out//hypermapper_log.log', 'output_data_file': 'cafqa_example_out//hypermapper_output.csv', 'verbose_logging': False, 'profiling': False, 'noise': True, 'profiling_file': 'profiles/profile.csv', 'append_profiles': False, 'number_of_cpus': 0, 'max_number_of_predictions': 1000000, 'time_budget': -1, 'number_of_repetitions': 1, 'hypermapper_mode': {'mode': 'default'}, 'output_image': {'output_image_pdf_file': 'output_pareto.pdf', 'image_xlog': False, 'image_ylog': False}, 'feasible_output': {'name': 'Valid', 'true_value': 'True', 'false_value': 'False', 'enable_feasible_predictor': False, 'enable_feasible_predictor_grid_search_on_recall_and_precision': False, 'feasible_predictor_grid_search_validation_file': '/home/lnardi/spatial-lang/results/apps_classification_test_set/BlackScholes.csv'}, 'timestamp': 'Timestamp', 'evaluations_per_optimization_iteration': 1, 'run_directory': '.', 'output_pareto_file': 'output_pareto.csv', 'acquisition_function': 'EI', 'scalarization_method': 'tchebyshev', 'weight_sampling': 'flat', 'bounding_box_limits': [0, 1], 'optimization_method': 'bayesian_optimization', 'local_search_starting_points': 10, 'local_search_random_points': 10000, 'local_search_evaluation_limit': -1, 'scalarization_key': 'scalarization', 'local_search_scalarization_weights': [1], 'print_parameter_importance': False, 'normalize_inputs': False, 'epsilon_greedy_threshold': 0.1, 'prior_method': 'pibo', 'prior_beta': -1, 'prior_floor': 1e-06, 'model_posterior_weight': 10, 'model_good_quantile': 0.05, 'prior_estimation_file': 'samples.csv', 'prior_estimation_quantile': 0.1, 'estimate_multivariate_priors': False, 'resume_optimization': False, 'resume_optimization_data': 'output_samples.csv', 'bandwidth_parameter': 0, 'bandwidth_n_factor': 100, 'prior_limit_estimation_points': 10000, 'posterior_computation_lower_limit': 1e-08, 'custom_gaussian_prior_means': [0], 'custom_gaussian_prior_stds': [-1], 'acquisition_function_optimizer': 'local_search', 'evolution_population_size': 50, 'evolution_generations': 150, 'mutation_rate': 1, 'evolution_crossover': False, 'regularize_evolution': False, 'batch_size': 2, 'cma_es_sigma': 0.2, 'cma_es_starting_points': 1, 'cma_es_random_points': 10000}
Design of experiment phase, number of new doe samples = 100 .......
Loss computed by CAFQA VQE is -4.6133754287869175, in 0.012623327085748315 s.
Loss computed by CAFQA VQE is -4.384337868763828, in 0.013109657913446426 s.
Loss computed by CAFQA VQE is -6.369236960413943, in 0.011067484971135855 s.
Loss computed by CAFQA VQE is -4.99134903010928, in 0.013225100934505463 s.
Loss computed by CAFQA VQE is -5.092048368425278, in 0.011618433985859156 s.
Loss computed by CAFQA VQE is -4.844509088044406, in 0.01316904416307807 s.
Loss computed by CAFQA VQE is -3.180800676447161, in 0.01167025207541883 s.
Loss computed by CAFQA VQE is -4.683633835179146, in 0.01256012194789946 s.
Loss computed by CAFQA VQE is -4.55545786916967, in 0.01226162794046104 s.
Loss computed by CAFQA VQE is -4.998604668250714, in 0.01089441915974021 s.
Loss computed by CAFQA VQE is -1.1576511544917483, in 0.012176570016890764 s.
Loss computed by CAFQA VQE is -4.8475354816193255, in 0.012698953039944172 s.
Loss computed by CAFQA VQE is -4.539047999044893, in 0.012388986069709063 s.
Loss computed by CAFQA VQE is -5.089919508487075, in 0.01079969690181315 s.
Loss computed by CAFQA VQE is -4.85343458240486, in 0.011822166154161096 s.
Loss computed by CAFQA VQE is -4.808896795134085, in 0.012588649988174438 s.
Loss computed by CAFQA VQE is -5.21498522990896, in 0.012108264956623316 s.
Loss computed by CAFQA VQE is -3.1836349426269424, in 0.011883007129654288 s.
Loss computed by CAFQA VQE is -4.655392849993778, in 0.012543004006147385 s.
Loss computed by CAFQA VQE is -3.2602158506367265, in 0.012127673020586371 s.
Loss computed by CAFQA VQE is -3.1821009381907963, in 0.012506794882938266 s.
Loss computed by CAFQA VQE is -5.389819877028877, in 0.011923240963369608 s.
Loss computed by CAFQA VQE is -2.0552249938816276, in 0.010730291018262506 s.
Loss computed by CAFQA VQE is -5.227785770746666, in 0.01261027087457478 s.
Loss computed by CAFQA VQE is -6.422486866326096, in 0.011184158036485314 s.
Loss computed by CAFQA VQE is -3.824274883902933, in 0.011538126971572638 s.
Loss computed by CAFQA VQE is -4.772757342909078, in 0.011915915179997683 s.
Loss computed by CAFQA VQE is -4.824750750242024, in 0.012956951977685094 s.
Loss computed by CAFQA VQE is -1.980658176618169, in 0.013589890906587243 s.
Loss computed by CAFQA VQE is -4.718123503256761, in 0.013288067886605859 s.
Loss computed by CAFQA VQE is -4.750210746786728, in 0.011534599121659994 s.
Loss computed by CAFQA VQE is -4.350700760220893, in 0.012359762098640203 s.
Loss computed by CAFQA VQE is -6.474103568056934, in 0.012838954105973244 s.
Loss computed by CAFQA VQE is -3.228617942027194, in 0.01082343002781272 s.
Loss computed by CAFQA VQE is -6.398093744373619, in 0.011666986159980297 s.
Loss computed by CAFQA VQE is -4.132741461335932, in 0.010932535165920854 s.
Loss computed by CAFQA VQE is -3.1821009381907963, in 0.011649528983980417 s.
Loss computed by CAFQA VQE is -6.259324688359546, in 0.013047717045992613 s.
Loss computed by CAFQA VQE is -3.1918357079535475, in 0.012154730968177319 s.
Loss computed by CAFQA VQE is -4.802137053179067, in 0.01241273619234562 s.
Loss computed by CAFQA VQE is -4.557790282565125, in 0.01183472783304751 s.
Loss computed by CAFQA VQE is -4.8561746115050965, in 0.01283879391849041 s.
Loss computed by CAFQA VQE is -5.193264534473756, in 0.011635011993348598 s.
Loss computed by CAFQA VQE is -7.767320163607306, in 0.011897498043254018 s.
Loss computed by CAFQA VQE is -4.772757342909078, in 0.01241726498119533 s.
Loss computed by CAFQA VQE is -5.088456965021091, in 0.012888823868706822 s.
Loss computed by CAFQA VQE is -6.72965891259557, in 0.011385736055672169 s.
Loss computed by CAFQA VQE is -4.818326805663681, in 0.012939712963998318 s.
Loss computed by CAFQA VQE is -6.2420989240547025, in 0.010636019054800272 s.
Loss computed by CAFQA VQE is -4.384337868763827, in 0.011777435895055532 s.
Loss computed by CAFQA VQE is -5.223660824538889, in 0.01305649196729064 s.
Loss computed by CAFQA VQE is -3.18080067644716, in 0.012204553931951523 s.
Loss computed by CAFQA VQE is -6.432167948829928, in 0.010595601983368397 s.
Loss computed by CAFQA VQE is -3.526557961988371, in 0.01081219781190157 s.
Loss computed by CAFQA VQE is -1.9023384028501704, in 0.010862224968150258 s.
Loss computed by CAFQA VQE is -5.241590507722166, in 0.01056361896917224 s.
Loss computed by CAFQA VQE is -4.830127498461506, in 0.012656698934733868 s.
Loss computed by CAFQA VQE is -5.0540775425557625, in 0.011748455930501223 s.
Loss computed by CAFQA VQE is -3.1836349426269437, in 0.01044197310693562 s.
Loss computed by CAFQA VQE is -4.7158934420572765, in 0.012887984979897738 s.
Loss computed by CAFQA VQE is -4.211392844135891, in 0.010810159146785736 s.
Loss computed by CAFQA VQE is -4.435282148418477, in 0.012720249127596617 s.
Loss computed by CAFQA VQE is -5.241590507722166, in 0.011463164119049907 s.
Loss computed by CAFQA VQE is -4.998604668250716, in 0.011815136997029185 s.
Loss computed by CAFQA VQE is -3.6151373658284047, in 0.01250508101657033 s.
Loss computed by CAFQA VQE is -4.715285352292133, in 0.012673740973696113 s.
Loss computed by CAFQA VQE is -3.1848562690281517, in 0.01198966195806861 s.
Loss computed by CAFQA VQE is -5.016277994773798, in 0.012871431885287166 s.
Loss computed by CAFQA VQE is -5.203950198402573, in 0.012268170947209 s.
Loss computed by CAFQA VQE is -4.804852387873852, in 0.011619779979810119 s.
Loss computed by CAFQA VQE is -4.85343458240486, in 0.011844234075397253 s.
Loss computed by CAFQA VQE is -4.876898181697293, in 0.011606112122535706 s.
Loss computed by CAFQA VQE is -5.2923945086546365, in 0.0110887479968369 s.
Loss computed by CAFQA VQE is -4.437157009641258, in 0.012395506026223302 s.
Loss computed by CAFQA VQE is -2.0552249938816276, in 0.011116269044578075 s.
Loss computed by CAFQA VQE is -5.164583928381382, in 0.012997575104236603 s.
Loss computed by CAFQA VQE is -3.0120175172949484, in 0.01147862896323204 s.
Loss computed by CAFQA VQE is -5.094252232473214, in 0.011120577109977603 s.
Loss computed by CAFQA VQE is -5.2923945086546365, in 0.012628654018044472 s.
Loss computed by CAFQA VQE is -4.922288321894032, in 0.012090228032320738 s.
Loss computed by CAFQA VQE is -2.8351811798550166, in 0.01190532511100173 s.
Loss computed by CAFQA VQE is -5.223170032027228, in 0.011974491877481341 s.
Loss computed by CAFQA VQE is -3.1795004147035257, in 0.01259459787979722 s.
Loss computed by CAFQA VQE is -3.5265579619883707, in 0.0124853840097785 s.
Loss computed by CAFQA VQE is -7.52808329719237, in 0.011446847114712 s.
Loss computed by CAFQA VQE is -5.206621720782193, in 0.01276565995067358 s.
Loss computed by CAFQA VQE is -4.918052044455739, in 0.0109592170920223 s.
Loss computed by CAFQA VQE is -2.055224993881629, in 0.01051675109192729 s.
Loss computed by CAFQA VQE is -5.254997947180127, in 0.011740016983821988 s.
Loss computed by CAFQA VQE is -4.8237646277783215, in 0.013204606948420405 s.
Loss computed by CAFQA VQE is -6.396809054335769, in 0.01296871597878635 s.
Loss computed by CAFQA VQE is -4.409592222103056, in 0.013775374973192811 s.
Loss computed by CAFQA VQE is -6.423671056147651, in 0.011317935772240162 s.
Loss computed by CAFQA VQE is -4.824750750242024, in 0.012988467933610082 s.
Loss computed by CAFQA VQE is -3.1492027678376284, in 0.011896163923665881 s.
Loss computed by CAFQA VQE is -4.418872289152872, in 0.012126137036830187 s.
Loss computed by CAFQA VQE is -6.399153593130219, in 0.01201668195426464 s.
Loss computed by CAFQA VQE is -5.2107138731512554, in 0.01141015999019146 s.
Loss computed by CAFQA VQE is -4.539047999044894, in 0.011753265978768468 s.
Loss computed by CAFQA VQE is -5.155593635505036, in 0.013675817986950278 s.
x0,x1,x2,x3,x4,x5,x6,x7,x8,x9,x10,x11,x12,x13,x14,x15,value,Timestamp
0,3,2,2,0,3,1,0,1,1,2,2,0,2,2,2,-4.6133754287869175,31
1,3,2,3,2,3,0,1,1,1,1,2,0,0,0,1,-4.384337868763828,45
0,3,1,0,1,3,2,2,0,0,1,0,1,1,0,0,-6.369236960413943,57
1,0,2,3,2,1,3,2,3,1,1,3,2,3,3,1,-4.99134903010928,72
2,0,1,0,0,3,1,3,1,2,3,3,1,1,0,0,-5.092048368425278,84
0,3,3,3,1,3,1,2,1,1,1,2,0,1,1,1,-4.844509088044406,99
2,1,0,1,0,3,0,3,0,1,3,2,2,2,0,3,-3.180800676447161,111
1,0,1,3,3,3,1,0,2,2,0,3,2,2,3,1,-4.683633835179146,125
0,0,2,3,3,0,1,1,3,2,1,3,1,1,3,3,-4.55545786916967,139
3,0,1,2,0,2,2,0,0,2,0,2,1,3,0,2,-4.998604668250714,150
0,2,2,3,0,2,1,3,2,3,2,3,3,2,0,2,-1.1576511544917483,164
1,1,0,3,0,3,0,1,1,2,2,1,2,2,3,2,-4.8475354816193255,178
2,2,3,0,3,0,3,3,3,2,3,2,2,2,1,3,-4.539047999044893,191
3,2,0,3,0,3,3,0,0,0,3,0,2,0,2,1,-5.089919508487075,203
3,1,1,1,2,2,0,0,2,0,0,2,1,1,0,1,-4.85343458240486,216
3,0,3,1,0,3,1,0,2,3,1,2,1,3,1,2,-4.808896795134085,229
2,2,2,2,0,0,1,2,2,3,2,3,3,1,1,2,-5.21498522990896,243
1,0,2,2,2,1,1,3,3,1,0,2,0,1,1,0,-3.1836349426269424,256
1,3,2,2,3,0,0,1,0,1,1,2,3,1,2,1,-4.655392849993778,269
1,0,2,2,3,1,2,3,0,3,0,1,2,1,3,1,-3.2602158506367265,283
0,3,0,1,3,1,0,1,2,1,3,3,1,3,1,1,-3.1821009381907963,296
2,2,1,3,0,0,0,1,3,0,1,1,1,0,1,3,-5.389819877028877,309
0,0,2,0,2,1,2,1,3,2,0,0,1,0,1,1,-2.0552249938816276,321
3,2,1,1,0,3,3,1,1,0,1,2,0,2,0,1,-5.227785770746666,335
0,3,1,0,2,0,3,3,0,0,3,0,1,2,3,2,-6.422486866326096,347
0,2,2,1,3,2,0,0,2,2,3,0,1,0,1,2,-3.824274883902933,360
1,0,3,2,1,3,0,1,1,0,2,3,3,1,1,0,-4.772757342909078,373
2,1,1,2,1,1,2,3,1,2,1,0,1,2,3,0,-4.824750750242024,387
3,3,1,3,2,2,0,2,3,3,1,0,2,3,3,2,-1.980658176618169,401
1,3,3,1,1,0,0,3,1,1,0,3,0,2,1,2,-4.718123503256761,416
3,2,1,3,1,3,0,3,3,3,0,0,0,3,0,0,-4.750210746786728,428
3,1,2,0,3,1,2,3,2,2,0,0,1,3,1,1,-4.350700760220893,442
2,3,3,3,2,1,0,3,2,3,2,2,0,1,0,1,-6.474103568056934,456
0,0,0,0,3,1,0,0,1,3,2,3,0,1,2,3,-3.228617942027194,468
0,3,1,1,1,2,1,0,0,1,0,0,2,0,3,0,-6.398093744373619,480
1,0,2,0,3,2,1,2,0,2,0,2,0,0,0,2,-4.132741461335932,492
0,3,0,1,3,1,1,0,2,0,1,2,2,1,0,2,-3.1821009381907963,505
2,1,2,2,3,2,0,0,2,1,2,2,2,1,1,3,-6.259324688359546,519
0,3,2,0,3,1,3,3,2,1,2,3,3,1,2,0,-3.1918357079535475,532
0,1,3,2,3,0,0,3,3,2,1,0,1,2,2,3,-4.802137053179067,546
1,1,0,3,2,1,0,2,2,3,0,3,0,0,0,2,-4.557790282565125,559
1,3,1,3,3,0,2,1,0,2,1,2,1,0,3,1,-4.8561746115050965,573
2,0,0,2,3,3,3,2,3,2,3,2,1,3,0,0,-5.193264534473756,586
2,3,3,3,2,1,0,2,2,0,1,3,0,0,2,0,-7.767320163607306,599
3,0,3,0,3,1,3,1,1,1,2,1,2,1,2,0,-4.772757342909078,612
1,3,1,1,1,2,1,0,2,2,2,1,1,2,1,0,-5.088456965021091,626
1,2,0,1,0,0,3,1,0,0,2,1,3,1,2,2,-6.72965891259557,638
1,2,1,3,3,2,2,0,3,3,2,2,2,1,3,2,-4.818326805663681,652
0,0,1,0,2,3,1,3,0,0,1,0,3,0,3,1,-6.2420989240547025,664
2,2,1,2,3,1,0,1,3,1,0,0,3,2,0,3,-4.384337868763827,677
1,1,3,1,2,1,2,3,3,1,0,0,3,3,3,2,-5.223660824538889,691
2,2,0,3,0,3,2,1,0,1,1,1,1,0,3,3,-3.18080067644716,705
0,1,0,2,0,1,1,1,0,2,0,3,3,0,3,0,-6.432167948829928,716
3,2,0,3,0,3,0,0,0,2,0,3,3,1,2,0,-3.526557961988371,728
1,2,0,0,3,0,2,1,2,0,0,2,2,1,2,1,-1.9023384028501704,740
1,0,2,1,1,0,1,0,0,2,3,0,0,0,0,2,-5.241590507722166,752
3,3,2,1,2,1,2,3,0,3,3,2,0,3,2,3,-4.830127498461506,765
0,2,2,0,2,0,3,3,3,1,1,2,3,1,0,1,-5.0540775425557625,778
0,2,3,0,3,2,1,0,2,0,0,0,1,0,2,2,-3.1836349426269437,790
2,3,3,0,3,2,1,0,3,3,3,2,3,1,1,3,-4.7158934420572765,804
0,2,2,0,2,0,0,2,1,0,3,0,3,0,1,3,-4.211392844135891,816
3,2,1,0,3,3,0,1,3,2,1,3,1,3,3,2,-4.435282148418477,830
1,0,3,3,3,0,2,3,2,0,1,0,2,0,1,0,-5.241590507722166,842
3,0,3,2,2,2,0,1,0,0,2,2,2,2,1,1,-4.998604668250716,855
2,3,1,3,0,2,2,0,0,3,2,1,1,0,1,1,-3.6151373658284047,869
1,1,1,3,0,2,0,3,2,1,3,2,0,0,2,1,-4.715285352292133,883
0,1,3,0,0,1,1,2,2,0,1,1,2,2,1,0,-3.1848562690281517,896
2,3,1,3,1,1,1,0,3,2,2,3,3,3,1,3,-5.016277994773798,910
0,2,0,1,2,1,1,3,2,1,2,0,2,0,3,3,-5.203950198402573,923
3,0,0,3,1,2,0,3,3,0,1,0,3,3,1,1,-4.804852387873852,936
3,0,1,0,3,1,0,2,3,0,0,1,2,2,1,1,-4.85343458240486,949
3,1,3,0,3,0,2,1,2,0,2,2,0,2,3,3,-4.876898181697293,961
1,0,0,2,2,0,1,0,2,0,3,1,2,0,3,3,-5.2923945086546365,974
1,1,0,3,0,3,1,3,3,1,0,3,0,3,3,2,-4.437157009641258,987
2,2,0,2,3,2,3,3,1,2,0,0,1,1,0,2,-2.0552249938816276,999
3,3,1,2,2,0,2,3,3,3,3,1,1,0,2,2,-5.164583928381382,1013
0,1,2,2,0,2,1,2,2,2,0,1,1,0,2,2,-3.0120175172949484,1026
2,0,0,1,0,0,3,1,2,2,2,1,2,0,1,2,-5.094252232473214,1038
3,0,3,1,2,2,0,2,1,1,2,2,1,1,1,1,-5.2923945086546365,1052
2,0,2,1,3,1,0,2,1,2,3,1,2,1,0,2,-4.922288321894032,1065
2,3,2,2,3,2,1,1,0,1,2,2,1,1,0,1,-2.8351811798550166,1078
2,2,0,3,0,3,3,2,1,0,1,1,1,0,3,1,-5.223170032027228,1091
2,3,2,1,3,3,1,1,0,3,1,1,0,1,1,3,-3.1795004147035257,1105
2,1,3,3,1,1,3,0,0,1,0,3,3,1,0,0,-3.5265579619883707,1118
2,0,2,0,0,3,2,2,2,3,2,2,3,0,3,2,-7.52808329719237,1131
3,1,1,0,2,2,3,0,3,0,1,1,0,3,0,3,-5.206621720782193,1145
3,2,0,1,0,2,1,0,3,0,3,2,0,0,0,0,-4.918052044455739,1157
0,2,2,0,2,1,1,2,2,0,1,0,0,0,3,0,-2.055224993881629,1168
3,0,3,1,2,0,3,1,0,2,0,0,2,2,2,0,-5.254997947180127,1181
3,3,0,1,3,3,1,1,0,1,1,1,1,3,1,2,-4.8237646277783215,1195
2,0,0,3,2,2,0,3,2,3,1,1,3,3,1,1,-6.396809054335769,1209
3,2,1,1,2,3,2,3,1,3,0,2,3,2,3,1,-4.409592222103056,1224
0,0,0,2,0,1,3,1,0,1,3,1,3,2,0,2,-6.423671056147651,1236
3,1,1,1,1,2,3,2,0,3,2,2,0,2,3,0,-4.824750750242024,1251
0,0,1,2,0,1,3,3,2,3,2,3,3,0,3,0,-3.1492027678376284,1264
1,3,1,2,3,0,2,1,0,0,1,1,0,0,0,1,-4.418872289152872,1277
2,3,1,0,2,2,1,3,2,2,1,0,1,2,0,0,-6.399153593130219,1290
1,0,2,0,1,2,0,3,0,2,3,3,0,2,2,2,-5.2107138731512554,1302
1,0,2,1,1,2,0,0,1,0,3,3,3,1,0,1,-4.539047999044894,1315
1,3,3,2,3,3,2,3,3,3,3,3,2,1,3,2,-5.155593635505036,1330


End of doe/resume phase, the number of evaluated configurations is: 100

End of DoE - Time     1.4031 sec
Starting optimization iteration 1
End of training - Time       0.03 sec
Model fitting time     0.0271 sec
Total RS time     0.0809 sec
Optimization function time     0.1584 sec
Starting local search iteration: , #configs:30
0, 
1, 
2, 
3, 
4, 
5, 
6, 
7, 
8, 
9, 
10, 
11, 
12, 
13, 
14, 
15, 
16, 
17, 
18, 
19, 
20, 
21, 
22, 
23, 
24, 
25, 
26, 
27, 
28, 
29, 
Multi-start LS time     0.2859 sec
MSLS time     0.4572 sec
Local search time     0.7025 sec
Loss computed by CAFQA VQE is -6.2420989240547025, in 0.012542304815724492 s.
x0,x1,x2,x3,x4,x5,x6,x7,x8,x9,x10,x11,x12,x13,x14,x15,value,Timestamp
2,2,3,1,0,1,3,1,2,0,3,3,0,0,2,0,-6.2420989240547025,2148

Black box function time     0.0162 sec
Total iteration time     0.7460 sec
Starting optimization iteration 2
End of training - Time       0.03 sec
Model fitting time     0.0265 sec
Total RS time     0.0788 sec
Optimization function time     0.1342 sec
Starting local search iteration: , #configs:30
0, 
1, 
2, 
3, 
4, 
5, 
6, 
7, 
8, 
9, 
10, 
11, 
12, 
13, 
14, 
15, 
16, 
17, 
18, 
19, 
20, 
21, 
22, 
23, 
24, 
25, 
26, 
27, 
28, 
29, 
Multi-start LS time     0.2779 sec
MSLS time     0.4157 sec
Local search time     0.6347 sec
Loss computed by CAFQA VQE is -6.40790752084206, in 0.012256846996024251 s.
x0,x1,x2,x3,x4,x5,x6,x7,x8,x9,x10,x11,x12,x13,x14,x15,value,Timestamp
2,3,3,3,0,1,0,3,2,3,2,3,0,0,0,0,-6.40790752084206,2827

Black box function time     0.0159 sec
Total iteration time     0.6774 sec
Starting optimization iteration 3
End of training - Time       0.03 sec
Model fitting time     0.0267 sec
Total RS time     0.0772 sec
Optimization function time     0.1416 sec
Starting local search iteration: , #configs:30
0, 
1, 
2, 
3, 
4, 
5, 
6, 
7, 
8, 
9, 
10, 
11, 
12, 
13, 
14, 
15, 
16, 
17, 
18, 
19, 
20, 
21, 
22, 
23, 
24, 
25, 
26, 
27, 
28, 
29, 
Multi-start LS time     0.2693 sec
MSLS time     0.4316 sec
Local search time     0.6564 sec
Loss computed by CAFQA VQE is -7.6636155453322825, in 0.011682939948514104 s.
x0,x1,x2,x3,x4,x5,x6,x7,x8,x9,x10,x11,x12,x13,x14,x15,value,Timestamp
0,3,1,3,2,2,0,2,0,0,3,2,0,0,0,0,-7.6636155453322825,3527

Black box function time     0.0153 sec
Total iteration time     0.6986 sec
Starting optimization iteration 4
End of training - Time       0.03 sec
Model fitting time     0.0277 sec
Total RS time     0.0769 sec
Optimization function time     0.1383 sec
Starting local search iteration: , #configs:30
0, 
1, 
2, 
3, 
4, 
5, 
6, 
7, 
8, 
9, 
10, 
11, 
12, 
13, 
14, 
15, 
16, 
17, 
18, 
19, 
20, 
21, 
22, 
23, 
24, 
25, 
26, 
27, 
28, 
29, 
Multi-start LS time     0.2347 sec
MSLS time     0.3608 sec
Local search time     0.5820 sec
Loss computed by CAFQA VQE is -4.837818220977223, in 0.012080440996214747 s.
x0,x1,x2,x3,x4,x5,x6,x7,x8,x9,x10,x11,x12,x13,x14,x15,value,Timestamp
0,3,0,3,2,3,0,3,1,0,3,2,3,2,0,0,-4.837818220977223,4154

Black box function time     0.0157 sec
Total iteration time     0.6256 sec
Starting optimization iteration 5
End of training - Time       0.03 sec
Model fitting time     0.0278 sec
Total RS time     0.0775 sec
Optimization function time     0.1373 sec
Starting local search iteration: , #configs:30
0, 
1, 
2, 
3, 
4, 
5, 
6, 
7, 
8, 
9, 
10, 
11, 
12, 
13, 
14, 
15, 
16, 
17, 
18, 
19, 
20, 
21, 
22, 
23, 
24, 
25, 
26, 
27, 
28, 
29, 
Multi-start LS time     0.2749 sec
MSLS time     0.4393 sec
Local search time     0.6602 sec
Loss computed by CAFQA VQE is -4.817347017241756, in 0.012602225877344608 s.
x0,x1,x2,x3,x4,x5,x6,x7,x8,x9,x10,x11,x12,x13,x14,x15,value,Timestamp
1,3,2,3,2,1,0,3,1,0,1,2,0,0,1,0,-4.817347017241756,4860

Black box function time     0.0161 sec
Total iteration time     0.7043 sec
Starting optimization iteration 6
End of training - Time       0.03 sec
Model fitting time     0.0275 sec
Total RS time     0.0768 sec
Optimization function time     0.1375 sec
Starting local search iteration: , #configs:30
0, 
1, 
2, 
3, 
4, 
5, 
6, 
7, 
8, 
9, 
10, 
11, 
12, 
13, 
14, 
15, 
16, 
17, 
18, 
19, 
20, 
21, 
22, 
23, 
24, 
25, 
26, 
27, 
28, 
29, 
Multi-start LS time     0.2727 sec
MSLS time     0.4335 sec
Local search time     0.6538 sec
Loss computed by CAFQA VQE is -3.540379050890097, in 0.01139764511026442 s.
x0,x1,x2,x3,x4,x5,x6,x7,x8,x9,x10,x11,x12,x13,x14,x15,value,Timestamp
0,3,2,0,2,0,0,1,2,0,3,2,2,0,2,0,-3.540379050890097,5558

Black box function time     0.0149 sec
Total iteration time     0.6965 sec
Starting optimization iteration 7
End of training - Time       0.03 sec
Model fitting time     0.0280 sec
Total RS time     0.0786 sec
Optimization function time     0.1326 sec
Starting local search iteration: , #configs:30
0, 
1, 
2, 
3, 
4, 
5, 
6, 
7, 
8, 
9, 
10, 
11, 
12, 
13, 
14, 
15, 
16, 
17, 
18, 
19, 
20, 
21, 
22, 
23, 
24, 
25, 
26, 
27, 
28, 
29, 
Multi-start LS time     0.2550 sec
MSLS time     0.4090 sec
Local search time     0.6263 sec
Loss computed by CAFQA VQE is -6.39029697387233, in 0.012465886073186994 s.
x0,x1,x2,x3,x4,x5,x6,x7,x8,x9,x10,x11,x12,x13,x14,x15,value,Timestamp
2,3,2,3,0,1,0,2,2,1,2,0,0,1,3,0,-6.39029697387233,6230

Black box function time     0.0159 sec
Total iteration time     0.6704 sec
Starting optimization iteration 8
End of training - Time       0.03 sec
Model fitting time     0.0277 sec
Total RS time     0.0787 sec
Optimization function time     0.1523 sec
Starting local search iteration: , #configs:30
0, 
1, 
2, 
3, 
4, 
5, 
6, 
7, 
8, 
9, 
10, 
11, 
12, 
13, 
14, 
15, 
16, 
17, 
18, 
19, 
20, 
21, 
22, 
23, 
24, 
25, 
26, 
27, 
28, 
29, 
Multi-start LS time     0.2529 sec
MSLS time     0.4190 sec
Local search time     0.6563 sec
Loss computed by CAFQA VQE is -6.275734536765977, in 0.011676148977130651 s.
x0,x1,x2,x3,x4,x5,x6,x7,x8,x9,x10,x11,x12,x13,x14,x15,value,Timestamp
0,3,0,3,2,1,0,2,0,0,3,3,0,1,0,0,-6.275734536765977,6931

Black box function time     0.0154 sec
Total iteration time     0.6996 sec
Starting optimization iteration 9
End of training - Time       0.03 sec
Model fitting time     0.0292 sec
Total RS time     0.0784 sec
Optimization function time     0.1425 sec
Starting local search iteration: , #configs:30
0, 
1, 
2, 
3, 
4, 
5, 
6, 
7, 
8, 
9, 
10, 
11, 
12, 
13, 
14, 
15, 
16, 
17, 
18, 
19, 
20, 
21, 
22, 
23, 
24, 
25, 
26, 
27, 
28, 
29, 
Multi-start LS time     0.2554 sec
MSLS time     0.4156 sec
Local search time     0.6427 sec
Loss computed by CAFQA VQE is -3.187611599865508, in 0.013746292097494006 s.
x0,x1,x2,x3,x4,x5,x6,x7,x8,x9,x10,x11,x12,x13,x14,x15,value,Timestamp
0,3,3,3,1,3,1,2,2,3,1,2,1,0,2,0,-3.187611599865508,7622

Black box function time     0.0172 sec
Total iteration time     0.6894 sec
Starting optimization iteration 10
End of training - Time       0.03 sec
Model fitting time     0.0288 sec
Total RS time     0.0771 sec
Optimization function time     0.1392 sec
Starting local search iteration: , #configs:30
0, 
1, 
2, 
3, 
4, 
5, 
6, 
7, 
8, 
9, 
10, 
11, 
12, 
13, 
14, 
15, 
16, 
17, 
18, 
19, 
20, 
21, 
22, 
23, 
24, 
25, 
26, 
27, 
28, 
29, 
Multi-start LS time     0.2646 sec
MSLS time     0.4209 sec
Local search time     0.6433 sec
Loss computed by CAFQA VQE is -6.551519195261276, in 0.012736888136714697 s.
x0,x1,x2,x3,x4,x5,x6,x7,x8,x9,x10,x11,x12,x13,x14,x15,value,Timestamp
1,3,3,3,2,1,0,2,2,0,1,3,0,0,2,0,-6.551519195261276,8313

Black box function time     0.0165 sec
Total iteration time     0.6888 sec
Starting optimization iteration 11
End of training - Time       0.03 sec
Model fitting time     0.0290 sec
Total RS time     0.0771 sec
Optimization function time     0.1369 sec
Starting local search iteration: , #configs:30
0, 
1, 
2, 
3, 
4, 
5, 
6, 
7, 
8, 
9, 
10, 
11, 
12, 
13, 
14, 
15, 
16, 
17, 
18, 
19, 
20, 
21, 
22, 
23, 
24, 
25, 
26, 
27, 
28, 
29, 
Multi-start LS time     0.2859 sec
MSLS time     0.4192 sec
Local search time     0.6395 sec
Loss computed by CAFQA VQE is -5.335718227344705, in 0.011009922018274665 s.
x0,x1,x2,x3,x4,x5,x6,x7,x8,x9,x10,x11,x12,x13,x14,x15,value,Timestamp
0,2,2,3,2,2,0,2,0,0,2,0,0,2,0,0,-5.335718227344705,8997

Black box function time     0.0148 sec
Total iteration time     0.6835 sec
Starting optimization iteration 12
End of training - Time       0.03 sec
Model fitting time     0.0283 sec
Total RS time     0.0791 sec
Optimization function time     0.1403 sec
Starting local search iteration: , #configs:30
0, 
1, 
2, 
3, 
4, 
5, 
6, 
7, 
8, 
9, 
10, 
11, 
12, 
13, 
14, 
15, 
16, 
17, 
18, 
19, 
20, 
21, 
22, 
23, 
24, 
25, 
26, 
27, 
28, 
29, 
Multi-start LS time     0.2726 sec
MSLS time     0.4042 sec
Local search time     0.6299 sec
Loss computed by CAFQA VQE is -6.259324688359545, in 0.012619626009836793 s.
x0,x1,x2,x3,x4,x5,x6,x7,x8,x9,x10,x11,x12,x13,x14,x15,value,Timestamp
2,3,3,3,0,1,1,2,2,0,1,3,0,0,2,0,-6.259324688359545,9673

Black box function time     0.0160 sec
Total iteration time     0.6744 sec
Starting optimization iteration 13
End of training - Time       0.03 sec
Model fitting time     0.0303 sec
Total RS time     0.0783 sec
Optimization function time     0.1377 sec
Starting local search iteration: , #configs:30
0, 
1, 
2, 
3, 
4, 
5, 
6, 
7, 
8, 
9, 
10, 
11, 
12, 
13, 
14, 
15, 
16, 
17, 
18, 
19, 
20, 
21, 
22, 
23, 
24, 
25, 
26, 
27, 
28, 
29, 
Multi-start LS time     0.2676 sec
MSLS time     0.4228 sec
Local search time     0.6450 sec
Loss computed by CAFQA VQE is -6.275734536765977, in 0.01299656298942864 s.
x0,x1,x2,x3,x4,x5,x6,x7,x8,x9,x10,x11,x12,x13,x14,x15,value,Timestamp
0,3,3,3,2,2,1,2,0,0,2,3,3,1,2,1,-6.275734536765977,10367

Black box function time     0.0164 sec
Total iteration time     0.6919 sec
Starting optimization iteration 14
End of training - Time       0.03 sec
Model fitting time     0.0295 sec
Total RS time     0.0778 sec
Optimization function time     0.1431 sec
Starting local search iteration: , #configs:30
0, 
1, 
2, 
3, 
4, 
5, 
6, 
7, 
8, 
9, 
10, 
11, 
12, 
13, 
14, 
15, 
16, 
17, 
18, 
19, 
20, 
21, 
22, 
23, 
24, 
25, 
26, 
27, 
28, 
29, 
Multi-start LS time     0.2600 sec
MSLS time     0.4292 sec
Local search time     0.6563 sec
Loss computed by CAFQA VQE is -3.1521486009700883, in 0.01133717899210751 s.
x0,x1,x2,x3,x4,x5,x6,x7,x8,x9,x10,x11,x12,x13,x14,x15,value,Timestamp
2,3,1,0,2,0,0,2,0,0,0,1,0,0,2,0,-3.1521486009700883,11069

Black box function time     0.0150 sec
Total iteration time     0.7010 sec
Starting optimization iteration 15
End of training - Time       0.03 sec
Model fitting time     0.0309 sec
Total RS time     0.0772 sec
Optimization function time     0.1312 sec
Starting local search iteration: , #configs:30
0, 
1, 
2, 
3, 
4, 
5, 
6, 
7, 
8, 
9, 
10, 
11, 
12, 
13, 
14, 
15, 
16, 
17, 
18, 
19, 
20, 
21, 
22, 
23, 
24, 
25, 
26, 
27, 
28, 
29, 
Multi-start LS time     0.2601 sec
MSLS time     0.4142 sec
Local search time     0.6287 sec
Loss computed by CAFQA VQE is -4.893031004763804, in 0.01282446295954287 s.
x0,x1,x2,x3,x4,x5,x6,x7,x8,x9,x10,x11,x12,x13,x14,x15,value,Timestamp
2,3,0,0,1,2,1,2,1,3,1,3,3,0,3,0,-4.893031004763804,11747

Black box function time     0.0164 sec
Total iteration time     0.6762 sec
Starting optimization iteration 16
End of training - Time       0.03 sec
Model fitting time     0.0306 sec
Total RS time     0.0809 sec
Optimization function time     0.1491 sec
Starting local search iteration: , #configs:30
0, 
1, 
2, 
3, 
4, 
5, 
6, 
7, 
8, 
9, 
10, 
11, 
12, 
13, 
14, 
15, 
16, 
17, 
18, 
19, 
20, 
21, 
22, 
23, 
24, 
25, 
26, 
27, 
28, 
29, 
Multi-start LS time     0.2781 sec
MSLS time     0.4140 sec
Local search time     0.6503 sec
Loss computed by CAFQA VQE is -2.559474983826121, in 0.012351262848824263 s.
x0,x1,x2,x3,x4,x5,x6,x7,x8,x9,x10,x11,x12,x13,x14,x15,value,Timestamp
0,3,3,3,2,2,0,2,3,0,3,3,0,0,0,0,-2.559474983826121,12445

Black box function time     0.0159 sec
Total iteration time     0.6970 sec
Starting optimization iteration 17
End of training - Time       0.03 sec
Model fitting time     0.0293 sec
Total RS time     0.0841 sec
Optimization function time     0.1429 sec
Starting local search iteration: , #configs:30
0, 
1, 
2, 
3, 
4, 
5, 
6, 
7, 
8, 
9, 
10, 
11, 
12, 
13, 
14, 
15, 
16, 
17, 
18, 
19, 
20, 
21, 
22, 
23, 
24, 
25, 
26, 
27, 
28, 
29, 
Multi-start LS time     0.2765 sec
MSLS time     0.4447 sec
Local search time     0.6790 sec
Loss computed by CAFQA VQE is -6.646898292721822, in 0.013591016177088022 s.
x0,x1,x2,x3,x4,x5,x6,x7,x8,x9,x10,x11,x12,x13,x14,x15,value,Timestamp
2,2,3,3,2,3,0,3,2,0,1,3,0,0,2,0,-6.646898292721822,13172

Black box function time     0.0176 sec
Total iteration time     0.7262 sec
Starting optimization iteration 18
End of training - Time       0.03 sec
Model fitting time     0.0332 sec
Total RS time     0.0792 sec
Optimization function time     0.1509 sec
Starting local search iteration: , #configs:30
0, 
1, 
2, 
3, 
4, 
5, 
6, 
7, 
8, 
9, 
10, 
11, 
12, 
13, 
14, 
15, 
16, 
17, 
18, 
19, 
20, 
21, 
22, 
23, 
24, 
25, 
26, 
27, 
28, 
29, 
Multi-start LS time     0.2480 sec
MSLS time     0.4055 sec
Local search time     0.6420 sec
Loss computed by CAFQA VQE is -5.335718227344707, in 0.01239760685712099 s.
x0,x1,x2,x3,x4,x5,x6,x7,x8,x9,x10,x11,x12,x13,x14,x15,value,Timestamp
0,3,1,3,2,2,0,2,2,0,3,3,0,0,2,0,-5.335718227344707,13865

Black box function time     0.0159 sec
Total iteration time     0.6915 sec
Starting optimization iteration 19
End of training - Time       0.03 sec
Model fitting time     0.0321 sec
0.08578045471367901 < 0.1 random sampling a configuration to run
Local search time     0.0005 sec
Loss computed by CAFQA VQE is -4.435282148418477, in 0.01212040288373828 s.
x0,x1,x2,x3,x4,x5,x6,x7,x8,x9,x10,x11,x12,x13,x14,x15,value,Timestamp
1,1,1,3,0,1,0,3,3,2,3,1,0,0,3,0,-4.435282148418477,13915

Black box function time     0.0151 sec
Total iteration time     0.0479 sec
Starting optimization iteration 20
End of training - Time       0.03 sec
Model fitting time     0.0316 sec
0.08667701301655395 < 0.1 random sampling a configuration to run
Local search time     0.0005 sec
Loss computed by CAFQA VQE is -5.906368396165673, in 0.01043132902123034 s.
x0,x1,x2,x3,x4,x5,x6,x7,x8,x9,x10,x11,x12,x13,x14,x15,value,Timestamp
3,2,2,0,0,3,0,0,0,2,0,2,3,2,3,0,-5.906368396165673,13962

Black box function time     0.0132 sec
Total iteration time     0.0454 sec
Starting optimization iteration 21
End of training - Time       0.03 sec
Model fitting time     0.0299 sec
Total RS time     0.0789 sec
Optimization function time     0.1421 sec
Starting local search iteration: , #configs:30
0, 
1, 
2, 
3, 
4, 
5, 
6, 
7, 
8, 
9, 
10, 
11, 
12, 
13, 
14, 
15, 
16, 
17, 
18, 
19, 
20, 
21, 
22, 
23, 
24, 
25, 
26, 
27, 
28, 
29, 
Multi-start LS time     0.2543 sec
MSLS time     0.4120 sec
Local search time     0.6391 sec
Loss computed by CAFQA VQE is -5.335718227344707, in 0.012362544192001224 s.
x0,x1,x2,x3,x4,x5,x6,x7,x8,x9,x10,x11,x12,x13,x14,x15,value,Timestamp
0,3,3,3,2,1,0,2,2,0,1,3,0,0,2,0,-5.335718227344707,14649

Black box function time     0.0157 sec
Total iteration time     0.6850 sec
Starting optimization iteration 22
End of training - Time       0.03 sec
Model fitting time     0.0303 sec
Total RS time     0.0789 sec
Optimization function time     0.1390 sec
Starting local search iteration: , #configs:30
0, 
1, 
2, 
3, 
4, 
5, 
6, 
7, 
8, 
9, 
10, 
11, 
12, 
13, 
14, 
15, 
16, 
17, 
18, 
19, 
20, 
21, 
22, 
23, 
24, 
25, 
26, 
27, 
28, 
29, 
Multi-start LS time     0.2602 sec
MSLS time     0.3878 sec
Local search time     0.6118 sec
Loss computed by CAFQA VQE is -5.21498522990896, in 0.012278552167117596 s.
x0,x1,x2,x3,x4,x5,x6,x7,x8,x9,x10,x11,x12,x13,x14,x15,value,Timestamp
2,0,0,0,0,3,2,1,2,3,2,1,3,1,3,2,-5.21498522990896,15308

Black box function time     0.0157 sec
Total iteration time     0.6580 sec
Starting optimization iteration 23
End of training - Time       0.03 sec
Model fitting time     0.0311 sec
Total RS time     0.0787 sec
Optimization function time     0.1427 sec
Starting local search iteration: , #configs:30
0, 
1, 
2, 
3, 
4, 
5, 
6, 
7, 
8, 
9, 
10, 
11, 
12, 
13, 
14, 
15, 
16, 
17, 
18, 
19, 
20, 
21, 
22, 
23, 
24, 
25, 
26, 
27, 
28, 
29, 
Multi-start LS time     0.2805 sec
MSLS time     0.4179 sec
Local search time     0.6457 sec
Loss computed by CAFQA VQE is -6.087047273639594, in 0.011757571017369628 s.
x0,x1,x2,x3,x4,x5,x6,x7,x8,x9,x10,x11,x12,x13,x14,x15,value,Timestamp
0,1,1,3,2,2,3,3,0,0,3,2,0,0,0,0,-6.087047273639594,16002

Black box function time     0.0153 sec
Total iteration time     0.6924 sec
Starting optimization iteration 24
End of training - Time       0.03 sec
Model fitting time     0.0317 sec
Total RS time     0.0774 sec
Optimization function time     0.1374 sec
Starting local search iteration: , #configs:30
0, 
1, 
2, 
3, 
4, 
5, 
6, 
7, 
8, 
9, 
10, 
11, 
12, 
13, 
14, 
15, 
16, 
17, 
18, 
19, 
20, 
21, 
22, 
23, 
24, 
25, 
26, 
27, 
28, 
29, 
Multi-start LS time     0.2389 sec
MSLS time     0.4053 sec
Local search time     0.6264 sec
Loss computed by CAFQA VQE is -6.303975273360396, in 0.011656912975013256 s.
x0,x1,x2,x3,x4,x5,x6,x7,x8,x9,x10,x11,x12,x13,x14,x15,value,Timestamp
1,0,2,0,0,3,2,2,2,2,2,0,0,0,3,2,-6.303975273360396,16677

Black box function time     0.0154 sec
Total iteration time     0.6737 sec
Starting optimization iteration 25
End of training - Time       0.03 sec
Model fitting time     0.0330 sec
Total RS time     0.0772 sec
Optimization function time     0.1417 sec
Starting local search iteration: , #configs:30
0, 
1, 
2, 
3, 
4, 
5, 
6, 
7, 
8, 
9, 
10, 
11, 
12, 
13, 
14, 
15, 
16, 
17, 
18, 
19, 
20, 
21, 
22, 
23, 
24, 
25, 
26, 
27, 
28, 
29, 
Multi-start LS time     0.2627 sec
MSLS time     0.4209 sec
Local search time     0.6461 sec
Loss computed by CAFQA VQE is -4.527665285199601, in 0.012731278082355857 s.
x0,x1,x2,x3,x4,x5,x6,x7,x8,x9,x10,x11,x12,x13,x14,x15,value,Timestamp
1,3,0,0,0,3,3,2,2,3,1,2,2,0,0,2,-4.527665285199601,17374

Black box function time     0.0161 sec
Total iteration time     0.6954 sec
Starting optimization iteration 26
End of training - Time       0.03 sec
Model fitting time     0.0314 sec
Total RS time     0.0780 sec
Optimization function time     0.1377 sec
Starting local search iteration: , #configs:30
0, 
1, 
2, 
3, 
4, 
5, 
6, 
7, 
8, 
9, 
10, 
11, 
12, 
13, 
14, 
15, 
16, 
17, 
18, 
19, 
20, 
21, 
22, 
23, 
24, 
25, 
26, 
27, 
28, 
29, 
Multi-start LS time     0.2645 sec
MSLS time     0.4491 sec
Local search time     0.6712 sec
Loss computed by CAFQA VQE is -6.417200721972295, in 0.011196850799024105 s.
x0,x1,x2,x3,x4,x5,x6,x7,x8,x9,x10,x11,x12,x13,x14,x15,value,Timestamp
0,3,0,3,0,3,1,3,0,0,3,0,3,0,0,0,-6.417200721972295,18093

Black box function time     0.0148 sec
Total iteration time     0.7178 sec
Starting optimization iteration 27
End of training - Time       0.03 sec
Model fitting time     0.0339 sec
Total RS time     0.0774 sec
Optimization function time     0.1396 sec
Starting local search iteration: , #configs:30
0, 
1, 
2, 
3, 
4, 
5, 
6, 
7, 
8, 
9, 
10, 
11, 
12, 
13, 
14, 
15, 
16, 
17, 
18, 
19, 
20, 
21, 
22, 
23, 
24, 
25, 
26, 
27, 
28, 
29, 
Multi-start LS time     0.2520 sec
MSLS time     0.4118 sec
Local search time     0.6353 sec
Loss computed by CAFQA VQE is -5.199373161298807, in 0.01316824508830905 s.
x0,x1,x2,x3,x4,x5,x6,x7,x8,x9,x10,x11,x12,x13,x14,x15,value,Timestamp
1,3,3,0,1,1,0,2,2,0,1,3,3,3,2,2,-5.199373161298807,18781

Black box function time     0.0165 sec
Total iteration time     0.6860 sec
Starting optimization iteration 28
End of training - Time       0.03 sec
Model fitting time     0.0323 sec
Total RS time     0.0774 sec
Optimization function time     0.1425 sec
Starting local search iteration: , #configs:30
0, 
1, 
2, 
3, 
4, 
5, 
6, 
7, 
8, 
9, 
10, 
11, 
12, 
13, 
14, 
15, 
16, 
17, 
18, 
19, 
20, 
21, 
22, 
23, 
24, 
25, 
26, 
27, 
28, 
29, 
Multi-start LS time     0.2714 sec
MSLS time     0.4023 sec
Local search time     0.6286 sec
Loss computed by CAFQA VQE is -4.585582855890751, in 0.01239465200342238 s.
x0,x1,x2,x3,x4,x5,x6,x7,x8,x9,x10,x11,x12,x13,x14,x15,value,Timestamp
3,3,0,3,2,1,0,2,2,0,1,3,0,0,2,0,-4.585582855890751,19459

Black box function time     0.0154 sec
Total iteration time     0.6766 sec
Starting optimization iteration 29
End of training - Time       0.03 sec
Model fitting time     0.0315 sec
Total RS time     0.0793 sec
Optimization function time     0.1397 sec
Starting local search iteration: , #configs:30
0, 
1, 
2, 
3, 
4, 
5, 
6, 
7, 
8, 
9, 
10, 
11, 
12, 
13, 
14, 
15, 
16, 
17, 
18, 
19, 
20, 
21, 
22, 
23, 
24, 
25, 
26, 
27, 
28, 
29, 
Multi-start LS time     0.2738 sec
MSLS time     0.4072 sec
Local search time     0.6327 sec
Loss computed by CAFQA VQE is -6.551519184616833, in 0.01234331983141601 s.
x0,x1,x2,x3,x4,x5,x6,x7,x8,x9,x10,x11,x12,x13,x14,x15,value,Timestamp
0,2,1,1,0,0,1,1,0,0,3,1,3,1,0,2,-6.551519184616833,20141

Black box function time     0.0161 sec
Total iteration time     0.6806 sec
Starting optimization iteration 30
End of training - Time       0.03 sec
Model fitting time     0.0336 sec
Total RS time     0.0774 sec
Optimization function time     0.1367 sec
Starting local search iteration: , #configs:30
0, 
1, 
2, 
3, 
4, 
5, 
6, 
7, 
8, 
9, 
10, 
11, 
12, 
13, 
14, 
15, 
16, 
17, 
18, 
19, 
20, 
21, 
22, 
23, 
24, 
25, 
26, 
27, 
28, 
29, 
Multi-start LS time     0.2487 sec
MSLS time     0.4191 sec
Local search time     0.6395 sec
Loss computed by CAFQA VQE is -6.546932831366225, in 0.010835860157385468 s.
x0,x1,x2,x3,x4,x5,x6,x7,x8,x9,x10,x11,x12,x13,x14,x15,value,Timestamp
0,2,0,2,2,0,0,1,0,0,3,3,2,0,0,0,-6.546932831366225,20830

Black box function time     0.0144 sec
Total iteration time     0.6878 sec
Starting optimization iteration 31
End of training - Time       0.03 sec
Model fitting time     0.0331 sec
Total RS time     0.0776 sec
Optimization function time     0.1395 sec
Starting local search iteration: , #configs:30
0, 
1, 
2, 
3, 
4, 
5, 
6, 
7, 
8, 
9, 
10, 
11, 
12, 
13, 
14, 
15, 
16, 
17, 
18, 
19, 
20, 
21, 
22, 
23, 
24, 
25, 
26, 
27, 
28, 
29, 
Multi-start LS time     0.2588 sec
MSLS time     0.4212 sec
Local search time     0.6449 sec
Loss computed by CAFQA VQE is -4.684578726019124, in 0.013423233991488814 s.
x0,x1,x2,x3,x4,x5,x6,x7,x8,x9,x10,x11,x12,x13,x14,x15,value,Timestamp
3,1,2,0,1,2,2,2,2,3,1,3,2,0,3,2,-4.684578726019124,21526

Black box function time     0.0168 sec
Total iteration time     0.6951 sec
Starting optimization iteration 32
End of training - Time       0.03 sec
Model fitting time     0.0317 sec
Total RS time     0.0797 sec
Optimization function time     0.1389 sec
Starting local search iteration: , #configs:30
0, 
1, 
2, 
3, 
4, 
5, 
6, 
7, 
8, 
9, 
10, 
11, 
12, 
13, 
14, 
15, 
16, 
17, 
18, 
19, 
20, 
21, 
22, 
23, 
24, 
25, 
26, 
27, 
28, 
29, 
Multi-start LS time     0.2801 sec
MSLS time     0.4129 sec
Local search time     0.6381 sec
Loss computed by CAFQA VQE is -6.430786208899431, in 0.011420135153457522 s.
x0,x1,x2,x3,x4,x5,x6,x7,x8,x9,x10,x11,x12,x13,x14,x15,value,Timestamp
0,3,0,0,0,2,0,3,0,1,3,1,0,1,0,0,-6.430786208899431,22213

Black box function time     0.0146 sec
Total iteration time     0.6846 sec
Starting optimization iteration 33
End of training - Time       0.03 sec
Model fitting time     0.0329 sec
Total RS time     0.0799 sec
Optimization function time     0.1350 sec
Starting local search iteration: , #configs:30
0, 
1, 
2, 
3, 
4, 
5, 
6, 
7, 
8, 
9, 
10, 
11, 
12, 
13, 
14, 
15, 
16, 
17, 
18, 
19, 
20, 
21, 
22, 
23, 
24, 
25, 
26, 
27, 
28, 
29, 
Multi-start LS time     0.2769 sec
MSLS time     0.4318 sec
Local search time     0.6530 sec
Loss computed by CAFQA VQE is -7.767320163607306, in 0.012787854066118598 s.
x0,x1,x2,x3,x4,x5,x6,x7,x8,x9,x10,x11,x12,x13,x14,x15,value,Timestamp
2,3,3,3,2,1,0,2,2,0,1,3,1,0,2,0,-7.767320163607306,22917

Black box function time     0.0166 sec
Total iteration time     0.7027 sec
Starting optimization iteration 34
End of training - Time       0.03 sec
Model fitting time     0.0331 sec
Total RS time     0.0801 sec
Optimization function time     0.1452 sec
Starting local search iteration: , #configs:30
0, 
1, 
2, 
3, 
4, 
5, 
6, 
7, 
8, 
9, 
10, 
11, 
12, 
13, 
14, 
15, 
16, 
17, 
18, 
19, 
20, 
21, 
22, 
23, 
24, 
25, 
26, 
27, 
28, 
29, 
Multi-start LS time     0.2486 sec
MSLS time     0.4201 sec
Local search time     0.6521 sec
Loss computed by CAFQA VQE is -5.1822774289404006, in 0.013097390066832304 s.
x0,x1,x2,x3,x4,x5,x6,x7,x8,x9,x10,x11,x12,x13,x14,x15,value,Timestamp
2,3,3,3,2,0,0,3,3,0,1,3,1,0,2,0,-5.1822774289404006,23621

Black box function time     0.0165 sec
Total iteration time     0.7019 sec
Starting optimization iteration 35
End of training - Time       0.04 sec
Model fitting time     0.0356 sec
Total RS time     0.0771 sec
Optimization function time     0.1453 sec
Starting local search iteration: , #configs:30
0, 
1, 
2, 
3, 
4, 
5, 
6, 
7, 
8, 
9, 
10, 
11, 
12, 
13, 
14, 
15, 
16, 
17, 
18, 
19, 
20, 
21, 
22, 
23, 
24, 
25, 
26, 
27, 
28, 
29, 
Multi-start LS time     0.2706 sec
MSLS time     0.4034 sec
Local search time     0.6322 sec
Loss computed by CAFQA VQE is -6.38571060954782, in 0.012910377932712436 s.
x0,x1,x2,x3,x4,x5,x6,x7,x8,x9,x10,x11,x12,x13,x14,x15,value,Timestamp
2,3,3,3,2,1,0,3,2,0,2,3,3,0,2,1,-6.38571060954782,24307

Black box function time     0.0167 sec
Total iteration time     0.6847 sec
Starting optimization iteration 36
End of training - Time       0.03 sec
Model fitting time     0.0344 sec
Total RS time     0.0795 sec
Optimization function time     0.1374 sec
Starting local search iteration: , #configs:30
0, 
1, 
2, 
3, 
4, 
5, 
6, 
7, 
8, 
9, 
10, 
11, 
12, 
13, 
14, 
15, 
16, 
17, 
18, 
19, 
20, 
21, 
22, 
23, 
24, 
25, 
26, 
27, 
28, 
29, 
Multi-start LS time     0.2810 sec
MSLS time     0.4165 sec
Local search time     0.6399 sec
Loss computed by CAFQA VQE is -5.223170032027228, in 0.012672417098656297 s.
x0,x1,x2,x3,x4,x5,x6,x7,x8,x9,x10,x11,x12,x13,x14,x15,value,Timestamp
2,2,3,1,2,1,0,2,1,0,0,3,1,1,3,0,-5.223170032027228,24999

Black box function time     0.0159 sec
Total iteration time     0.6905 sec
Starting optimization iteration 37
End of training - Time       0.04 sec
Model fitting time     0.0352 sec
Total RS time     0.0768 sec
Optimization function time     0.1419 sec
Starting local search iteration: , #configs:30
0, 
1, 
2, 
3, 
4, 
5, 
6, 
7, 
8, 
9, 
10, 
11, 
12, 
13, 
14, 
15, 
16, 
17, 
18, 
19, 
20, 
21, 
22, 
23, 
24, 
25, 
26, 
27, 
28, 
29, 
Multi-start LS time     0.2783 sec
MSLS time     0.4373 sec
Local search time     0.6624 sec
Loss computed by CAFQA VQE is -6.151088682328938, in 0.013107838109135628 s.
x0,x1,x2,x3,x4,x5,x6,x7,x8,x9,x10,x11,x12,x13,x14,x15,value,Timestamp
2,3,3,3,2,2,0,2,2,1,2,3,3,0,0,1,-6.151088682328938,25715

Black box function time     0.0165 sec
Total iteration time     0.7144 sec
Starting optimization iteration 38
End of training - Time       0.03 sec
Model fitting time     0.0342 sec
0.02659157501855669 < 0.1 random sampling a configuration to run
Local search time     0.0005 sec
Loss computed by CAFQA VQE is -5.187897045119056, in 0.011860650032758713 s.
x0,x1,x2,x3,x4,x5,x6,x7,x8,x9,x10,x11,x12,x13,x14,x15,value,Timestamp
3,2,1,3,3,3,2,0,0,0,2,2,3,1,3,2,-5.187897045119056,25766

Black box function time     0.0146 sec
Total iteration time     0.0496 sec
Starting optimization iteration 39
End of training - Time       0.03 sec
Model fitting time     0.0339 sec
Total RS time     0.0771 sec
Optimization function time     0.1390 sec
Starting local search iteration: , #configs:30
0, 
1, 
2, 
3, 
4, 
5, 
6, 
7, 
8, 
9, 
10, 
11, 
12, 
13, 
14, 
15, 
16, 
17, 
18, 
19, 
20, 
21, 
22, 
23, 
24, 
25, 
26, 
27, 
28, 
29, 
Multi-start LS time     0.2643 sec
MSLS time     0.3965 sec
Local search time     0.6189 sec
Loss computed by CAFQA VQE is -6.722883655264072, in 0.012549018021672964 s.
x0,x1,x2,x3,x4,x5,x6,x7,x8,x9,x10,x11,x12,x13,x14,x15,value,Timestamp
2,3,3,0,2,1,0,2,2,0,1,3,1,0,3,0,-6.722883655264072,26436

Black box function time     0.0165 sec
Total iteration time     0.6696 sec
Starting optimization iteration 40
End of training - Time       0.04 sec
Model fitting time     0.0354 sec
Total RS time     0.0776 sec
Optimization function time     0.1431 sec
Starting local search iteration: , #configs:30
0, 
1, 
2, 
3, 
4, 
5, 
6, 
7, 
8, 
9, 
10, 
11, 
12, 
13, 
14, 
15, 
16, 
17, 
18, 
19, 
20, 
21, 
22, 
23, 
24, 
25, 
26, 
27, 
28, 
29, 
Multi-start LS time     0.2647 sec
MSLS time     0.3985 sec
Local search time     0.6255 sec
Loss computed by CAFQA VQE is -5.678641246706134, in 0.012651164084672928 s.
x0,x1,x2,x3,x4,x5,x6,x7,x8,x9,x10,x11,x12,x13,x14,x15,value,Timestamp
2,3,3,3,2,1,0,0,2,0,1,3,1,0,3,0,-5.678641246706134,27115

Black box function time     0.0162 sec
Total iteration time     0.6774 sec
Starting optimization iteration 41
End of training - Time       0.04 sec
Model fitting time     0.0359 sec
Total RS time     0.0777 sec
Optimization function time     0.1443 sec
Starting local search iteration: , #configs:30
0, 
1, 
2, 
3, 
4, 
5, 
6, 
7, 
8, 
9, 
10, 
11, 
12, 
13, 
14, 
15, 
16, 
17, 
18, 
19, 
20, 
21, 
22, 
23, 
24, 
25, 
26, 
27, 
28, 
29, 
Multi-start LS time     0.2725 sec
MSLS time     0.4311 sec
Local search time     0.6596 sec
Loss computed by CAFQA VQE is -7.703734742577547, in 0.012890667887404561 s.
x0,x1,x2,x3,x4,x5,x6,x7,x8,x9,x10,x11,x12,x13,x14,x15,value,Timestamp
2,2,3,3,2,3,0,2,2,0,1,3,3,0,2,2,-7.703734742577547,27829

Black box function time     0.0161 sec
Total iteration time     0.7119 sec
Starting optimization iteration 42
End of training - Time       0.03 sec
Model fitting time     0.0342 sec
Total RS time     0.0789 sec
Optimization function time     0.1393 sec
Starting local search iteration: , #configs:30
0, 
1, 
2, 
3, 
4, 
5, 
6, 
7, 
8, 
9, 
10, 
11, 
12, 
13, 
14, 
15, 
16, 
17, 
18, 
19, 
20, 
21, 
22, 
23, 
24, 
25, 
26, 
27, 
28, 
29, 
Multi-start LS time     0.2777 sec
MSLS time     0.4542 sec
Local search time     0.6789 sec
Loss computed by CAFQA VQE is -5.312006196284219, in 0.01255826000124216 s.
x0,x1,x2,x3,x4,x5,x6,x7,x8,x9,x10,x11,x12,x13,x14,x15,value,Timestamp
2,2,3,0,2,3,0,2,1,0,1,3,3,0,0,2,-5.312006196284219,28560

Black box function time     0.0161 sec
Total iteration time     0.7295 sec
Starting optimization iteration 43
End of training - Time       0.03 sec
Model fitting time     0.0342 sec
0.007342829110360549 < 0.1 random sampling a configuration to run
Local search time     0.0005 sec
Loss computed by CAFQA VQE is -6.428904099300542, in 0.011436347151175141 s.
x0,x1,x2,x3,x4,x5,x6,x7,x8,x9,x10,x11,x12,x13,x14,x15,value,Timestamp
2,2,1,2,0,2,2,2,2,1,0,3,3,0,3,0,-6.428904099300542,28611

Black box function time     0.0144 sec
Total iteration time     0.0492 sec
Starting optimization iteration 44
End of training - Time       0.03 sec
Model fitting time     0.0349 sec
Total RS time     0.0788 sec
Optimization function time     0.1434 sec
Starting local search iteration: , #configs:30
0, 
1, 
2, 
3, 
4, 
5, 
6, 
7, 
8, 
9, 
10, 
11, 
12, 
13, 
14, 
15, 
16, 
17, 
18, 
19, 
20, 
21, 
22, 
23, 
24, 
25, 
26, 
27, 
28, 
29, 
Multi-start LS time     0.2733 sec
MSLS time     0.4370 sec
Local search time     0.6656 sec
Loss computed by CAFQA VQE is -6.417297771864941, in 0.011537173995748162 s.
x0,x1,x2,x3,x4,x5,x6,x7,x8,x9,x10,x11,x12,x13,x14,x15,value,Timestamp
0,3,0,3,0,2,0,1,0,0,3,2,3,1,0,2,-6.417297771864941,29327

Black box function time     0.0150 sec
Total iteration time     0.7157 sec
Starting optimization iteration 45
End of training - Time       0.04 sec
Model fitting time     0.0365 sec
Total RS time     0.0772 sec
Optimization function time     0.1475 sec
Starting local search iteration: , #configs:30
0, 
1, 
2, 
3, 
4, 
5, 
6, 
7, 
8, 
9, 
10, 
11, 
12, 
13, 
14, 
15, 
16, 
17, 
18, 
19, 
20, 
21, 
22, 
23, 
24, 
25, 
26, 
27, 
28, 
29, 
Multi-start LS time     0.2570 sec
MSLS time     0.3932 sec
Local search time     0.6245 sec
Loss computed by CAFQA VQE is -5.071768914438279, in 0.012023559072986245 s.
x0,x1,x2,x3,x4,x5,x6,x7,x8,x9,x10,x11,x12,x13,x14,x15,value,Timestamp
0,0,2,0,0,3,2,2,1,3,3,2,3,0,0,2,-5.071768914438279,30005

Black box function time     0.0156 sec
Total iteration time     0.6768 sec
Starting optimization iteration 46
End of training - Time       0.04 sec
Model fitting time     0.0368 sec
Total RS time     0.0770 sec
Optimization function time     0.1424 sec
Starting local search iteration: , #configs:30
0, 
1, 
2, 
3, 
4, 
5, 
6, 
7, 
8, 
9, 
10, 
11, 
12, 
13, 
14, 
15, 
16, 
17, 
18, 
19, 
20, 
21, 
22, 
23, 
24, 
25, 
26, 
27, 
28, 
29, 
Multi-start LS time     0.2369 sec
MSLS time     0.3925 sec
Local search time     0.6182 sec
Loss computed by CAFQA VQE is -7.830905584637066, in 0.012837075861170888 s.
x0,x1,x2,x3,x4,x5,x6,x7,x8,x9,x10,x11,x12,x13,x14,x15,value,Timestamp
2,0,3,3,2,3,0,2,2,0,1,3,3,0,2,2,-7.830905584637066,30678

Black box function time     0.0161 sec
Total iteration time     0.6714 sec
Starting optimization iteration 47
End of training - Time       0.04 sec
Model fitting time     0.0372 sec
Total RS time     0.0770 sec
Optimization function time     0.1464 sec
Starting local search iteration: , #configs:30
0, 
1, 
2, 
3, 
4, 
5, 
6, 
7, 
8, 
9, 
10, 
11, 
12, 
13, 
14, 
15, 
16, 
17, 
18, 
19, 
20, 
21, 
22, 
23, 
24, 
25, 
26, 
27, 
28, 
29, 
Multi-start LS time     0.2777 sec
MSLS time     0.4132 sec
Local search time     0.6430 sec
Loss computed by CAFQA VQE is -7.703734742577547, in 0.013093576999381185 s.
x0,x1,x2,x3,x4,x5,x6,x7,x8,x9,x10,x11,x12,x13,x14,x15,value,Timestamp
2,2,3,3,2,3,0,2,2,0,1,3,3,0,1,2,-7.703734742577547,31377

Black box function time     0.0169 sec
Total iteration time     0.6974 sec
Starting optimization iteration 48
End of training - Time       0.04 sec
Model fitting time     0.0378 sec
Total RS time     0.0773 sec
Optimization function time     0.1438 sec
Starting local search iteration: , #configs:30
0, 
1, 
2, 
3, 
4, 
5, 
6, 
7, 
8, 
9, 
10, 
11, 
12, 
13, 
14, 
15, 
16, 
17, 
18, 
19, 
20, 
21, 
22, 
23, 
24, 
25, 
26, 
27, 
28, 
29, 
Multi-start LS time     0.2543 sec
MSLS time     0.4194 sec
Local search time     0.6469 sec
Loss computed by CAFQA VQE is -6.799063117162158, in 0.012794647831469774 s.
x0,x1,x2,x3,x4,x5,x6,x7,x8,x9,x10,x11,x12,x13,x14,x15,value,Timestamp
2,0,3,3,2,3,0,3,2,0,1,3,3,0,1,2,-6.799063117162158,32080

Black box function time     0.0163 sec
Total iteration time     0.7012 sec
Starting optimization iteration 49
End of training - Time       0.04 sec
Model fitting time     0.0375 sec
Total RS time     0.0773 sec
Optimization function time     0.1328 sec
Starting local search iteration: , #configs:30
0, 
1, 
2, 
3, 
4, 
5, 
6, 
7, 
8, 
9, 
10, 
11, 
12, 
13, 
14, 
15, 
16, 
17, 
18, 
19, 
20, 
21, 
22, 
23, 
24, 
25, 
26, 
27, 
28, 
29, 
Multi-start LS time     0.2880 sec
MSLS time     0.4479 sec
Local search time     0.6645 sec
Loss computed by CAFQA VQE is -6.367560694390155, in 0.012027183081954718 s.
x0,x1,x2,x3,x4,x5,x6,x7,x8,x9,x10,x11,x12,x13,x14,x15,value,Timestamp
2,0,3,3,2,1,0,2,2,0,0,3,0,0,2,3,-6.367560694390155,32799

Black box function time     0.0153 sec
Total iteration time     0.7175 sec
Starting optimization iteration 50
End of training - Time       0.04 sec
Model fitting time     0.0378 sec
Total RS time     0.0773 sec
Optimization function time     0.1430 sec
Starting local search iteration: , #configs:30
0, 
1, 
2, 
3, 
4, 
5, 
6, 
7, 
8, 
9, 
10, 
11, 
12, 
13, 
14, 
15, 
16, 
17, 
18, 
19, 
20, 
21, 
22, 
23, 
24, 
25, 
26, 
27, 
28, 
29, 
Multi-start LS time     0.2536 sec
MSLS time     0.3894 sec
Local search time     0.6160 sec
Loss computed by CAFQA VQE is -2.055224993881629, in 0.012954978039488196 s.
x0,x1,x2,x3,x4,x5,x6,x7,x8,x9,x10,x11,x12,x13,x14,x15,value,Timestamp
2,0,3,3,2,3,3,2,0,0,1,3,3,0,1,2,-2.055224993881629,33471

Black box function time     0.0168 sec
Total iteration time     0.6709 sec
Starting optimization iteration 51
End of training - Time       0.04 sec
Model fitting time     0.0371 sec
Total RS time     0.0779 sec
Optimization function time     0.1458 sec
Starting local search iteration: , #configs:30
0, 
1, 
2, 
3, 
4, 
5, 
6, 
7, 
8, 
9, 
10, 
11, 
12, 
13, 
14, 
15, 
16, 
17, 
18, 
19, 
20, 
21, 
22, 
23, 
24, 
25, 
26, 
27, 
28, 
29, 
Multi-start LS time     0.2756 sec
MSLS time     0.4133 sec
Local search time     0.6434 sec
Loss computed by CAFQA VQE is -7.767320141888962, in 0.012120160041376948 s.
x0,x1,x2,x3,x4,x5,x6,x7,x8,x9,x10,x11,x12,x13,x14,x15,value,Timestamp
2,0,3,3,2,3,0,2,2,0,1,0,1,0,2,0,-7.767320141888962,34170

Black box function time     0.0156 sec
Total iteration time     0.6964 sec
Starting optimization iteration 52
End of training - Time       0.04 sec
Model fitting time     0.0384 sec
Total RS time     0.0777 sec
Optimization function time     0.1434 sec
Starting local search iteration: , #configs:30
0, 
1, 
2, 
3, 
4, 
5, 
6, 
7, 
8, 
9, 
10, 
11, 
12, 
13, 
14, 
15, 
16, 
17, 
18, 
19, 
20, 
21, 
22, 
23, 
24, 
25, 
26, 
27, 
28, 
29, 
Multi-start LS time     0.2972 sec
MSLS time     0.4364 sec
Local search time     0.6640 sec
Loss computed by CAFQA VQE is -6.367560694390155, in 0.012923143105581403 s.
x0,x1,x2,x3,x4,x5,x6,x7,x8,x9,x10,x11,x12,x13,x14,x15,value,Timestamp
2,0,3,3,2,3,1,2,2,0,1,3,3,0,2,0,-6.367560694390155,34891

Black box function time     0.0163 sec
Total iteration time     0.7190 sec
Starting optimization iteration 53
End of training - Time       0.04 sec
Model fitting time     0.0383 sec
Total RS time     0.0774 sec
Optimization function time     0.1372 sec
Starting local search iteration: , #configs:30
0, 
1, 
2, 
3, 
4, 
5, 
6, 
7, 
8, 
9, 
10, 
11, 
12, 
13, 
14, 
15, 
16, 
17, 
18, 
19, 
20, 
21, 
22, 
23, 
24, 
25, 
26, 
27, 
28, 
29, 
Multi-start LS time     0.2878 sec
MSLS time     0.4562 sec
Local search time     0.6773 sec
Loss computed by CAFQA VQE is -5.335718227344707, in 0.012157574063166976 s.
x0,x1,x2,x3,x4,x5,x6,x7,x8,x9,x10,x11,x12,x13,x14,x15,value,Timestamp
2,0,3,3,2,3,0,2,2,0,3,0,1,0,2,2,-5.335718227344707,35623

Black box function time     0.0157 sec
Total iteration time     0.7315 sec
Starting optimization iteration 54
End of training - Time       0.04 sec
Model fitting time     0.0372 sec
Total RS time     0.0781 sec
Optimization function time     0.1453 sec
Starting local search iteration: , #configs:30
0, 
1, 
2, 
3, 
4, 
5, 
6, 
7, 
8, 
9, 
10, 
11, 
12, 
13, 
14, 
15, 
16, 
17, 
18, 
19, 
20, 
21, 
22, 
23, 
24, 
25, 
26, 
27, 
28, 
29, 
Multi-start LS time     0.2625 sec
MSLS time     0.3911 sec
Local search time     0.6207 sec
Loss computed by CAFQA VQE is -6.385710598473919, in 0.012068575946614146 s.
x0,x1,x2,x3,x4,x5,x6,x7,x8,x9,x10,x11,x12,x13,x14,x15,value,Timestamp
2,1,3,3,2,3,0,2,2,0,0,0,1,0,2,0,-6.385710598473919,36299

Black box function time     0.0170 sec
Total iteration time     0.6752 sec
Starting optimization iteration 55
End of training - Time       0.04 sec
Model fitting time     0.0388 sec
Total RS time     0.0773 sec
Optimization function time     0.1389 sec
Starting local search iteration: , #configs:30
0, 
1, 
2, 
3, 
4, 
5, 
6, 
7, 
8, 
9, 
10, 
11, 
12, 
13, 
14, 
15, 
16, 
17, 
18, 
19, 
20, 
21, 
22, 
23, 
24, 
25, 
26, 
27, 
28, 
29, 
Multi-start LS time     0.2878 sec
MSLS time     0.4492 sec
Local search time     0.6719 sec
Loss computed by CAFQA VQE is -4.59844262208033, in 0.012565885903313756 s.
x0,x1,x2,x3,x4,x5,x6,x7,x8,x9,x10,x11,x12,x13,x14,x15,value,Timestamp
2,0,3,3,1,3,0,2,0,0,1,1,3,0,2,2,-4.59844262208033,37029

Black box function time     0.0160 sec
Total iteration time     0.7270 sec
Starting optimization iteration 56
End of training - Time       0.04 sec
Model fitting time     0.0393 sec
Total RS time     0.0773 sec
Optimization function time     0.1581 sec
Starting local search iteration: , #configs:30
0, 
1, 
2, 
3, 
4, 
5, 
6, 
7, 
8, 
9, 
10, 
11, 
12, 
13, 
14, 
15, 
16, 
17, 
18, 
19, 
20, 
21, 
22, 
23, 
24, 
25, 
26, 
27, 
28, 
29, 
Multi-start LS time     0.2586 sec
MSLS time     0.4184 sec
Local search time     0.6601 sec
Loss computed by CAFQA VQE is -7.830905584637066, in 0.013389691011980176 s.
x0,x1,x2,x3,x4,x5,x6,x7,x8,x9,x10,x11,x12,x13,x14,x15,value,Timestamp
2,2,3,3,2,3,0,2,2,2,1,3,3,0,2,2,-7.830905584637066,37747

Black box function time     0.0167 sec
Total iteration time     0.7164 sec
Starting optimization iteration 57
End of training - Time       0.04 sec
Model fitting time     0.0398 sec
Total RS time     0.0771 sec
Optimization function time     0.1393 sec
Starting local search iteration: , #configs:30
0, 
1, 
2, 
3, 
4, 
5, 
6, 
7, 
8, 
9, 
10, 
11, 
12, 
13, 
14, 
15, 
16, 
17, 
18, 
19, 
20, 
21, 
22, 
23, 
24, 
25, 
26, 
27, 
28, 
29, 
Multi-start LS time     0.2774 sec
MSLS time     0.4508 sec
Local search time     0.6734 sec
Loss computed by CAFQA VQE is -7.830905584637066, in 0.012985653942450881 s.
x0,x1,x2,x3,x4,x5,x6,x7,x8,x9,x10,x11,x12,x13,x14,x15,value,Timestamp
2,0,3,3,2,3,0,2,2,0,1,3,2,0,1,1,-7.830905584637066,38478

Black box function time     0.0167 sec
Total iteration time     0.7304 sec
Starting optimization iteration 58
End of training - Time       0.04 sec
Model fitting time     0.0393 sec
Total RS time     0.0786 sec
Optimization function time     0.1410 sec
Starting local search iteration: , #configs:30
0, 
1, 
2, 
3, 
4, 
5, 
6, 
7, 
8, 
9, 
10, 
11, 
12, 
13, 
14, 
15, 
16, 
17, 
18, 
19, 
20, 
21, 
22, 
23, 
24, 
25, 
26, 
27, 
28, 
29, 
Multi-start LS time     0.2920 sec
MSLS time     0.4332 sec
Local search time     0.6594 sec
Loss computed by CAFQA VQE is -7.767320163607305, in 0.012831209925934672 s.
x0,x1,x2,x3,x4,x5,x6,x7,x8,x9,x10,x11,x12,x13,x14,x15,value,Timestamp
2,2,3,3,0,3,0,2,2,2,1,2,3,0,2,3,-7.767320163607305,39195

Black box function time     0.0161 sec
Total iteration time     0.7152 sec
Starting optimization iteration 59
End of training - Time       0.04 sec
Model fitting time     0.0396 sec
Total RS time     0.0777 sec
Optimization function time     0.1484 sec
Starting local search iteration: , #configs:30
0, 
1, 
2, 
3, 
4, 
5, 
6, 
7, 
8, 
9, 
10, 
11, 
12, 
13, 
14, 
15, 
16, 
17, 
18, 
19, 
20, 
21, 
22, 
23, 
24, 
25, 
26, 
27, 
28, 
29, 
Multi-start LS time     0.2913 sec
MSLS time     0.4309 sec
Local search time     0.6634 sec
Loss computed by CAFQA VQE is -7.767320141888961, in 0.012776271207258105 s.
x0,x1,x2,x3,x4,x5,x6,x7,x8,x9,x10,x11,x12,x13,x14,x15,value,Timestamp
2,0,3,3,2,3,0,2,2,1,1,3,2,0,0,1,-7.767320141888961,39916

Black box function time     0.0167 sec
Total iteration time     0.7200 sec
Starting optimization iteration 60
End of training - Time       0.04 sec
Model fitting time     0.0408 sec
Total RS time     0.0774 sec
Optimization function time     0.1465 sec
Starting local search iteration: , #configs:30
0, 
1, 
2, 
3, 
4, 
5, 
6, 
7, 
8, 
9, 
10, 
11, 
12, 
13, 
14, 
15, 
16, 
17, 
18, 
19, 
20, 
21, 
22, 
23, 
24, 
25, 
26, 
27, 
28, 
29, 
Multi-start LS time     0.2815 sec
MSLS time     0.4534 sec
Local search time     0.6840 sec
Loss computed by CAFQA VQE is -6.444817903373814, in 0.01334489299915731 s.
x0,x1,x2,x3,x4,x5,x6,x7,x8,x9,x10,x11,x12,x13,x14,x15,value,Timestamp
3,0,3,3,2,3,0,2,2,3,1,0,3,0,3,2,-6.444817903373814,40660

Black box function time     0.0170 sec
Total iteration time     0.7420 sec
Starting optimization iteration 61
End of training - Time       0.04 sec
Model fitting time     0.0405 sec
Total RS time     0.0771 sec
Optimization function time     0.1487 sec
Starting local search iteration: , #configs:30
0, 
1, 
2, 
3, 
4, 
5, 
6, 
7, 
8, 
9, 
10, 
11, 
12, 
13, 
14, 
15, 
16, 
17, 
18, 
19, 
20, 
21, 
22, 
23, 
24, 
25, 
26, 
27, 
28, 
29, 
Multi-start LS time     0.2752 sec
MSLS time     0.4117 sec
Local search time     0.6440 sec
Loss computed by CAFQA VQE is -6.556105560015245, in 0.011612925911322236 s.
x0,x1,x2,x3,x4,x5,x6,x7,x8,x9,x10,x11,x12,x13,x14,x15,value,Timestamp
2,0,3,0,2,1,0,2,2,0,1,0,3,0,2,0,-6.556105560015245,41362

Black box function time     0.0153 sec
Total iteration time     0.7002 sec
Starting optimization iteration 62
End of training - Time       0.04 sec
Model fitting time     0.0393 sec
Total RS time     0.0774 sec
Optimization function time     0.1427 sec
Starting local search iteration: , #configs:30
0, 
1, 
2, 
3, 
4, 
5, 
6, 
7, 
8, 
9, 
10, 
11, 
12, 
13, 
14, 
15, 
16, 
17, 
18, 
19, 
20, 
21, 
22, 
23, 
24, 
25, 
26, 
27, 
28, 
29, 
Multi-start LS time     0.2943 sec
MSLS time     0.4611 sec
Local search time     0.6877 sec
Loss computed by CAFQA VQE is -7.389945615636192, in 0.012987558962777257 s.
x0,x1,x2,x3,x4,x5,x6,x7,x8,x9,x10,x11,x12,x13,x14,x15,value,Timestamp
2,0,3,3,1,3,0,2,2,1,1,1,2,0,2,2,-7.389945615636192,42107

Black box function time     0.0163 sec
Total iteration time     0.7437 sec
Starting optimization iteration 63
End of training - Time       0.04 sec
Model fitting time     0.0407 sec
Total RS time     0.0774 sec
Optimization function time     0.1553 sec
Starting local search iteration: , #configs:30
0, 
1, 
2, 
3, 
4, 
5, 
6, 
7, 
8, 
9, 
10, 
11, 
12, 
13, 
14, 
15, 
16, 
17, 
18, 
19, 
20, 
21, 
22, 
23, 
24, 
25, 
26, 
27, 
28, 
29, 
Multi-start LS time     0.2883 sec
MSLS time     0.4291 sec
Local search time     0.6681 sec
Loss computed by CAFQA VQE is -6.556105560015245, in 0.012942742090672255 s.
x0,x1,x2,x3,x4,x5,x6,x7,x8,x9,x10,x11,x12,x13,x14,x15,value,Timestamp
2,0,3,3,2,3,0,2,3,1,1,3,2,0,0,1,-6.556105560015245,42834

Black box function time     0.0164 sec
Total iteration time     0.7256 sec
Starting optimization iteration 64
End of training - Time       0.04 sec
Model fitting time     0.0397 sec
Total RS time     0.0771 sec
Optimization function time     0.1387 sec
Starting local search iteration: , #configs:30
0, 
1, 
2, 
3, 
4, 
5, 
6, 
7, 
8, 
9, 
10, 
11, 
12, 
13, 
14, 
15, 
16, 
17, 
18, 
19, 
20, 
21, 
22, 
23, 
24, 
25, 
26, 
27, 
28, 
29, 
Multi-start LS time     0.2803 sec
MSLS time     0.4400 sec
Local search time     0.6620 sec
Loss computed by CAFQA VQE is -6.799063117591617, in 0.01288386108353734 s.
x0,x1,x2,x3,x4,x5,x6,x7,x8,x9,x10,x11,x12,x13,x14,x15,value,Timestamp
1,2,3,3,0,3,0,2,2,2,1,3,3,0,0,2,-6.799063117591617,43554

Black box function time     0.0165 sec
Total iteration time     0.7185 sec
Starting optimization iteration 65
End of training - Time       0.04 sec
Model fitting time     0.0409 sec
Total RS time     0.0777 sec
Optimization function time     0.1373 sec
Starting local search iteration: , #configs:30
0, 
1, 
2, 
3, 
4, 
5, 
6, 
7, 
8, 
9, 
10, 
11, 
12, 
13, 
14, 
15, 
16, 
17, 
18, 
19, 
20, 
21, 
22, 
23, 
24, 
25, 
26, 
27, 
28, 
29, 
Multi-start LS time     0.2877 sec
MSLS time     0.4621 sec
Local search time     0.6837 sec
Loss computed by CAFQA VQE is -7.767320163607306, in 0.013760973000898957 s.
x0,x1,x2,x3,x4,x5,x6,x7,x8,x9,x10,x11,x12,x13,x14,x15,value,Timestamp
2,1,3,3,2,3,0,2,2,2,1,3,3,2,2,2,-7.767320163607306,44298

Black box function time     0.0172 sec
Total iteration time     0.7422 sec
Starting optimization iteration 66
End of training - Time       0.04 sec
Model fitting time     0.0405 sec
0.06851696259130213 < 0.1 random sampling a configuration to run
Local search time     0.0005 sec
Loss computed by CAFQA VQE is -4.7832235862226735, in 0.01247087912634015 s.
x0,x1,x2,x3,x4,x5,x6,x7,x8,x9,x10,x11,x12,x13,x14,x15,value,Timestamp
0,3,2,1,3,3,1,3,1,1,3,2,0,1,3,1,-4.7832235862226735,44356

Black box function time     0.0155 sec
Total iteration time     0.0568 sec
Starting optimization iteration 67
End of training - Time       0.04 sec
Model fitting time     0.0402 sec
Total RS time     0.0782 sec
Optimization function time     0.1485 sec
Starting local search iteration: , #configs:30
0, 
1, 
2, 
3, 
4, 
5, 
6, 
7, 
8, 
9, 
10, 
11, 
12, 
13, 
14, 
15, 
16, 
17, 
18, 
19, 
20, 
21, 
22, 
23, 
24, 
25, 
26, 
27, 
28, 
29, 
Multi-start LS time     0.2814 sec
MSLS time     0.4389 sec
Local search time     0.6720 sec
Loss computed by CAFQA VQE is -7.703734742577547, in 0.012942239874973893 s.
x0,x1,x2,x3,x4,x5,x6,x7,x8,x9,x10,x11,x12,x13,x14,x15,value,Timestamp
2,0,3,3,0,3,0,2,2,2,1,3,2,2,1,1,-7.703734742577547,45087

Black box function time     0.0167 sec
Total iteration time     0.7291 sec
Starting optimization iteration 68
End of training - Time       0.04 sec
Model fitting time     0.0411 sec
Total RS time     0.0776 sec
Optimization function time     0.1473 sec
Starting local search iteration: , #configs:30
0, 
1, 
2, 
3, 
4, 
5, 
6, 
7, 
8, 
9, 
10, 
11, 
12, 
13, 
14, 
15, 
16, 
17, 
18, 
19, 
20, 
21, 
22, 
23, 
24, 
25, 
26, 
27, 
28, 
29, 
Multi-start LS time     0.2753 sec
MSLS time     0.4377 sec
Local search time     0.6692 sec
Loss computed by CAFQA VQE is -6.551519206335177, in 0.011828240938484669 s.
x0,x1,x2,x3,x4,x5,x6,x7,x8,x9,x10,x11,x12,x13,x14,x15,value,Timestamp
2,0,3,0,2,3,0,2,2,0,1,2,1,0,1,0,-6.551519206335177,45815

Black box function time     0.0154 sec
Total iteration time     0.7259 sec
Starting optimization iteration 69
End of training - Time       0.04 sec
Model fitting time     0.0424 sec
Total RS time     0.0789 sec
Optimization function time     0.1381 sec
Starting local search iteration: , #configs:30
0, 
1, 
2, 
3, 
4, 
5, 
6, 
7, 
8, 
9, 
10, 
11, 
12, 
13, 
14, 
15, 
16, 
17, 
18, 
19, 
20, 
21, 
22, 
23, 
24, 
25, 
26, 
27, 
28, 
29, 
Multi-start LS time     0.2929 sec
MSLS time     0.4608 sec
Local search time     0.6843 sec
Loss computed by CAFQA VQE is -6.72298070515672, in 0.012178102973848581 s.
x0,x1,x2,x3,x4,x5,x6,x7,x8,x9,x10,x11,x12,x13,x14,x15,value,Timestamp
2,0,3,0,2,3,0,2,2,3,0,2,2,1,1,2,-6.72298070515672,46559

Black box function time     0.0157 sec
Total iteration time     0.7427 sec
Starting optimization iteration 70
End of training - Time       0.04 sec
Model fitting time     0.0419 sec
Total RS time     0.0780 sec
Optimization function time     0.1449 sec
Starting local search iteration: , #configs:30
0, 
1, 
2, 
3, 
4, 
5, 
6, 
7, 
8, 
9, 
10, 
11, 
12, 
13, 
14, 
15, 
16, 
17, 
18, 
19, 
20, 
21, 
22, 
23, 
24, 
25, 
26, 
27, 
28, 
29, 
Multi-start LS time     0.2828 sec
MSLS time     0.4245 sec
Local search time     0.6539 sec
Loss computed by CAFQA VQE is -7.647701741259011, in 0.012894880957901478 s.
x0,x1,x2,x3,x4,x5,x6,x7,x8,x9,x10,x11,x12,x13,x14,x15,value,Timestamp
2,3,3,3,3,3,0,2,2,2,1,2,0,0,2,0,-7.647701741259011,47272

Black box function time     0.0162 sec
Total iteration time     0.7122 sec
Starting optimization iteration 71
End of training - Time       0.04 sec
Model fitting time     0.0417 sec
Total RS time     0.0782 sec
Optimization function time     0.1459 sec
Starting local search iteration: , #configs:30
0, 
1, 
2, 
3, 
4, 
5, 
6, 
7, 
8, 
9, 
10, 
11, 
12, 
13, 
14, 
15, 
16, 
17, 
18, 
19, 
20, 
21, 
22, 
23, 
24, 
25, 
26, 
27, 
28, 
29, 
Multi-start LS time     0.2542 sec
MSLS time     0.4337 sec
Local search time     0.6644 sec
Loss computed by CAFQA VQE is -6.283311551667869, in 0.013149754144251347 s.
x0,x1,x2,x3,x4,x5,x6,x7,x8,x9,x10,x11,x12,x13,x14,x15,value,Timestamp
2,3,3,3,2,3,0,2,3,0,1,1,3,0,2,0,-6.283311551667869,47996

Black box function time     0.0165 sec
Total iteration time     0.7229 sec
Starting optimization iteration 72
End of training - Time       0.04 sec
Model fitting time     0.0417 sec
Total RS time     0.0778 sec
Optimization function time     0.1432 sec
Starting local search iteration: , #configs:30
0, 
1, 
2, 
3, 
4, 
5, 
6, 
7, 
8, 
9, 
10, 
11, 
12, 
13, 
14, 
15, 
16, 
17, 
18, 
19, 
20, 
21, 
22, 
23, 
24, 
25, 
26, 
27, 
28, 
29, 
Multi-start LS time     0.2601 sec
MSLS time     0.4354 sec
Local search time     0.6631 sec
Loss computed by CAFQA VQE is -6.551519184616835, in 0.013865516986697912 s.
x0,x1,x2,x3,x4,x5,x6,x7,x8,x9,x10,x11,x12,x13,x14,x15,value,Timestamp
3,1,3,3,2,3,0,2,2,2,1,3,2,1,2,1,-6.551519184616835,48720

Black box function time     0.0175 sec
Total iteration time     0.7225 sec
Starting optimization iteration 73
End of training - Time       0.04 sec
Model fitting time     0.0427 sec
Total RS time     0.0777 sec
Optimization function time     0.1486 sec
Starting local search iteration: , #configs:30
0, 
1, 
2, 
3, 
4, 
5, 
6, 
7, 
8, 
9, 
10, 
11, 
12, 
13, 
14, 
15, 
16, 
17, 
18, 
19, 
20, 
21, 
22, 
23, 
24, 
25, 
26, 
27, 
28, 
29, 
Multi-start LS time     0.2542 sec
MSLS time     0.3915 sec
Local search time     0.6243 sec
Loss computed by CAFQA VQE is -7.830905584637066, in 0.0133206348400563 s.
x0,x1,x2,x3,x4,x5,x6,x7,x8,x9,x10,x11,x12,x13,x14,x15,value,Timestamp
2,2,3,3,3,3,0,2,2,2,1,3,3,0,2,2,-7.830905584637066,49406

Black box function time     0.0169 sec
Total iteration time     0.6841 sec
Starting optimization iteration 74
End of training - Time       0.04 sec
Model fitting time     0.0415 sec
Total RS time     0.0778 sec
Optimization function time     0.1471 sec
Starting local search iteration: , #configs:30
0, 
1, 
2, 
3, 
4, 
5, 
6, 
7, 
8, 
9, 
10, 
11, 
12, 
13, 
14, 
15, 
16, 
17, 
18, 
19, 
20, 
21, 
22, 
23, 
24, 
25, 
26, 
27, 
28, 
29, 
Multi-start LS time     0.2751 sec
MSLS time     0.4387 sec
Local search time     0.6698 sec
Loss computed by CAFQA VQE is -5.590061842866099, in 0.012325630988925695 s.
x0,x1,x2,x3,x4,x5,x6,x7,x8,x9,x10,x11,x12,x13,x14,x15,value,Timestamp
2,0,3,3,2,3,0,0,2,2,1,3,2,1,0,0,-5.590061842866099,50135

Black box function time     0.0156 sec
Total iteration time     0.7272 sec
Starting optimization iteration 75
End of training - Time       0.04 sec
Model fitting time     0.0418 sec
Total RS time     0.0794 sec
Optimization function time     0.1431 sec
Starting local search iteration: , #configs:30
0, 
1, 
2, 
3, 
4, 
5, 
6, 
7, 
8, 
9, 
10, 
11, 
12, 
13, 
14, 
15, 
16, 
17, 
18, 
19, 
20, 
21, 
22, 
23, 
24, 
25, 
26, 
27, 
28, 
29, 
Multi-start LS time     0.2593 sec
MSLS time     0.3977 sec
Local search time     0.6266 sec
Loss computed by CAFQA VQE is -6.269955137219625, in 0.012603452894836664 s.
x0,x1,x2,x3,x4,x5,x6,x7,x8,x9,x10,x11,x12,x13,x14,x15,value,Timestamp
2,0,3,3,3,3,0,1,2,2,1,2,3,0,2,1,-6.269955137219625,50821

Black box function time     0.0161 sec
Total iteration time     0.6848 sec
Starting optimization iteration 76
End of training - Time       0.04 sec
Model fitting time     0.0432 sec
Total RS time     0.0785 sec
Optimization function time     0.1459 sec
Starting local search iteration: , #configs:30
0, 
1, 
2, 
3, 
4, 
5, 
6, 
7, 
8, 
9, 
10, 
11, 
12, 
13, 
14, 
15, 
16, 
17, 
18, 
19, 
20, 
21, 
22, 
23, 
24, 
25, 
26, 
27, 
28, 
29, 
Multi-start LS time     0.2793 sec
MSLS time     0.4481 sec
Local search time     0.6789 sec
Loss computed by CAFQA VQE is -6.054227555108384, in 0.01240767096169293 s.
x0,x1,x2,x3,x4,x5,x6,x7,x8,x9,x10,x11,x12,x13,x14,x15,value,Timestamp
0,2,1,3,2,1,0,3,0,1,3,1,0,0,0,2,-6.054227555108384,51561

Black box function time     0.0159 sec
Total iteration time     0.7384 sec
Starting optimization iteration 77
End of training - Time       0.04 sec
Model fitting time     0.0432 sec
Total RS time     0.0784 sec
Optimization function time     0.1501 sec
Starting local search iteration: , #configs:30
0, 
1, 
2, 
3, 
4, 
5, 
6, 
7, 
8, 
9, 
10, 
11, 
12, 
13, 
14, 
15, 
16, 
17, 
18, 
19, 
20, 
21, 
22, 
23, 
24, 
25, 
26, 
27, 
28, 
29, 
Multi-start LS time     0.2609 sec
MSLS time     0.4248 sec
Local search time     0.6602 sec
Loss computed by CAFQA VQE is -7.767320163607306, in 0.013354758033528924 s.
x0,x1,x2,x3,x4,x5,x6,x7,x8,x9,x10,x11,x12,x13,x14,x15,value,Timestamp
2,3,3,3,2,3,0,2,2,2,1,3,1,0,2,0,-7.767320163607306,52283

Black box function time     0.0168 sec
Total iteration time     0.7205 sec
Starting optimization iteration 78
End of training - Time       0.04 sec
Model fitting time     0.0436 sec
Total RS time     0.0772 sec
Optimization function time     0.1429 sec
Starting local search iteration: , #configs:30
0, 
1, 
2, 
3, 
4, 
5, 
6, 
7, 
8, 
9, 
10, 
11, 
12, 
13, 
14, 
15, 
16, 
17, 
18, 
19, 
20, 
21, 
22, 
23, 
24, 
25, 
26, 
27, 
28, 
29, 
Multi-start LS time     0.2795 sec
MSLS time     0.4137 sec
Local search time     0.6403 sec
Loss computed by CAFQA VQE is -7.830905584637066, in 0.013336695032194257 s.
x0,x1,x2,x3,x4,x5,x6,x7,x8,x9,x10,x11,x12,x13,x14,x15,value,Timestamp
2,2,3,3,3,3,0,2,2,2,1,3,3,0,3,2,-7.830905584637066,52985

Black box function time     0.0170 sec
Total iteration time     0.7013 sec
Starting optimization iteration 79
End of training - Time       0.04 sec
Model fitting time     0.0442 sec
Total RS time     0.0772 sec
Optimization function time     0.1395 sec
Starting local search iteration: , #configs:30
0, 
1, 
2, 
3, 
4, 
5, 
6, 
7, 
8, 
9, 
10, 
11, 
12, 
13, 
14, 
15, 
16, 
17, 
18, 
19, 
20, 
21, 
22, 
23, 
24, 
25, 
26, 
27, 
28, 
29, 
Multi-start LS time     0.2720 sec
MSLS time     0.4399 sec
Local search time     0.6632 sec
Loss computed by CAFQA VQE is -6.799063117591617, in 0.0131923439912498 s.
x0,x1,x2,x3,x4,x5,x6,x7,x8,x9,x10,x11,x12,x13,x14,x15,value,Timestamp
2,2,3,2,2,3,0,2,2,2,1,3,3,0,2,3,-6.799063117591617,53711

Black box function time     0.0166 sec
Total iteration time     0.7243 sec
Starting optimization iteration 80
End of training - Time       0.04 sec
Model fitting time     0.0430 sec
Total RS time     0.0773 sec
Optimization function time     0.1398 sec
Starting local search iteration: , #configs:30
0, 
1, 
2, 
3, 
4, 
5, 
6, 
7, 
8, 
9, 
10, 
11, 
12, 
13, 
14, 
15, 
16, 
17, 
18, 
19, 
20, 
21, 
22, 
23, 
24, 
25, 
26, 
27, 
28, 
29, 
Multi-start LS time     0.2503 sec
MSLS time     0.4101 sec
Local search time     0.6337 sec
Loss computed by CAFQA VQE is -7.703734742577547, in 0.013248235918581486 s.
x0,x1,x2,x3,x4,x5,x6,x7,x8,x9,x10,x11,x12,x13,x14,x15,value,Timestamp
2,3,3,3,3,2,0,2,2,1,1,3,1,0,2,0,-7.703734742577547,54406

Black box function time     0.0168 sec
Total iteration time     0.6937 sec
Starting optimization iteration 81
End of training - Time       0.04 sec
Model fitting time     0.0442 sec
Total RS time     0.0788 sec
Optimization function time     0.1421 sec
Starting local search iteration: , #configs:30
0, 
1, 
2, 
3, 
4, 
5, 
6, 
7, 
8, 
9, 
10, 
11, 
12, 
13, 
14, 
15, 
16, 
17, 
18, 
19, 
20, 
21, 
22, 
23, 
24, 
25, 
26, 
27, 
28, 
29, 
Multi-start LS time     0.2801 sec
MSLS time     0.4195 sec
Local search time     0.6467 sec
Loss computed by CAFQA VQE is -7.703734742577547, in 0.012784839840605855 s.
x0,x1,x2,x3,x4,x5,x6,x7,x8,x9,x10,x11,x12,x13,x14,x15,value,Timestamp
2,2,3,3,3,1,0,2,2,0,1,3,1,2,2,0,-7.703734742577547,55115

Black box function time     0.0164 sec
Total iteration time     0.7075 sec
Starting optimization iteration 82
End of training - Time       0.04 sec
Model fitting time     0.0430 sec
Total RS time     0.0775 sec
Optimization function time     0.1377 sec
Starting local search iteration: , #configs:30
0, 
1, 
2, 
3, 
4, 
5, 
6, 
7, 
8, 
9, 
10, 
11, 
12, 
13, 
14, 
15, 
16, 
17, 
18, 
19, 
20, 
21, 
22, 
23, 
24, 
25, 
26, 
27, 
28, 
29, 
Multi-start LS time     0.2693 sec
MSLS time     0.4343 sec
Local search time     0.6559 sec
Loss computed by CAFQA VQE is -7.830905584637066, in 0.01372067304328084 s.
x0,x1,x2,x3,x4,x5,x6,x7,x8,x9,x10,x11,x12,x13,x14,x15,value,Timestamp
2,2,3,3,3,3,0,2,2,2,1,3,3,3,3,2,-7.830905584637066,55833

Black box function time     0.0173 sec
Total iteration time     0.7165 sec
Starting optimization iteration 83
End of training - Time       0.04 sec
Model fitting time     0.0441 sec
Total RS time     0.0796 sec
Optimization function time     0.1370 sec
Starting local search iteration: , #configs:30
0, 
1, 
2, 
3, 
4, 
5, 
6, 
7, 
8, 
9, 
10, 
11, 
12, 
13, 
14, 
15, 
16, 
17, 
18, 
19, 
20, 
21, 
22, 
23, 
24, 
25, 
26, 
27, 
28, 
29, 
Multi-start LS time     0.2768 sec
MSLS time     0.4368 sec
Local search time     0.6598 sec
Loss computed by CAFQA VQE is -7.767320163607306, in 0.013445772929117084 s.
x0,x1,x2,x3,x4,x5,x6,x7,x8,x9,x10,x11,x12,x13,x14,x15,value,Timestamp
2,0,3,3,2,3,0,2,2,1,1,3,3,3,2,1,-7.767320163607306,56556

Black box function time     0.0167 sec
Total iteration time     0.7209 sec
Starting optimization iteration 84
End of training - Time       0.04 sec
Model fitting time     0.0451 sec
Total RS time     0.0778 sec
Optimization function time     0.1420 sec
Starting local search iteration: , #configs:30
0, 
1, 
2, 
3, 
4, 
5, 
6, 
7, 
8, 
9, 
10, 
11, 
12, 
13, 
14, 
15, 
16, 
17, 
18, 
19, 
20, 
21, 
22, 
23, 
24, 
25, 
26, 
27, 
28, 
29, 
Multi-start LS time     0.2766 sec
MSLS time     0.4420 sec
Local search time     0.6684 sec
Loss computed by CAFQA VQE is -7.830905584637066, in 0.012901260983198881 s.
x0,x1,x2,x3,x4,x5,x6,x7,x8,x9,x10,x11,x12,x13,x14,x15,value,Timestamp
2,2,3,3,3,0,0,2,2,2,1,3,3,3,3,0,-7.830905584637066,57287

Black box function time     0.0166 sec
Total iteration time     0.7303 sec
Starting optimization iteration 85
End of training - Time       0.04 sec
Model fitting time     0.0446 sec
Total RS time     0.0770 sec
Optimization function time     0.1374 sec
Starting local search iteration: , #configs:30
0, 
1, 
2, 
3, 
4, 
5, 
6, 
7, 
8, 
9, 
10, 
11, 
12, 
13, 
14, 
15, 
16, 
17, 
18, 
19, 
20, 
21, 
22, 
23, 
24, 
25, 
26, 
27, 
28, 
29, 
Multi-start LS time     0.2843 sec
MSLS time     0.4236 sec
Local search time     0.6443 sec
Loss computed by CAFQA VQE is -7.830905584637066, in 0.012813897104933858 s.
x0,x1,x2,x3,x4,x5,x6,x7,x8,x9,x10,x11,x12,x13,x14,x15,value,Timestamp
2,2,3,3,3,0,0,2,2,2,1,3,3,0,3,2,-7.830905584637066,57994

Black box function time     0.0163 sec
Total iteration time     0.7055 sec
Starting optimization iteration 86
End of training - Time       0.04 sec
Model fitting time     0.0443 sec
Total RS time     0.0771 sec
Optimization function time     0.1488 sec
Starting local search iteration: , #configs:30
0, 
1, 
2, 
3, 
4, 
5, 
6, 
7, 
8, 
9, 
10, 
11, 
12, 
13, 
14, 
15, 
16, 
17, 
18, 
19, 
20, 
21, 
22, 
23, 
24, 
25, 
26, 
27, 
28, 
29, 
Multi-start LS time     0.2488 sec
MSLS time     0.4126 sec
Local search time     0.6454 sec
Loss computed by CAFQA VQE is -5.01423468768062, in 0.013443299103528261 s.
x0,x1,x2,x3,x4,x5,x6,x7,x8,x9,x10,x11,x12,x13,x14,x15,value,Timestamp
2,0,3,3,3,2,0,2,3,1,0,1,3,3,3,3,-5.01423468768062,58703

Black box function time     0.0169 sec
Total iteration time     0.7069 sec
Starting optimization iteration 87
End of training - Time       0.05 sec
Model fitting time     0.0456 sec
Total RS time     0.0771 sec
Optimization function time     0.1390 sec
Starting local search iteration: , #configs:30
0, 
1, 
2, 
3, 
4, 
5, 
6, 
7, 
8, 
9, 
10, 
11, 
12, 
13, 
14, 
15, 
16, 
17, 
18, 
19, 
20, 
21, 
22, 
23, 
24, 
25, 
26, 
27, 
28, 
29, 
Multi-start LS time     0.2626 sec
MSLS time     0.4029 sec
Local search time     0.6255 sec
Loss computed by CAFQA VQE is -7.830905584637066, in 0.012853659922257066 s.
x0,x1,x2,x3,x4,x5,x6,x7,x8,x9,x10,x11,x12,x13,x14,x15,value,Timestamp
2,2,3,3,2,0,0,2,2,2,1,3,3,0,3,2,-7.830905584637066,59391

Black box function time     0.0165 sec
Total iteration time     0.6879 sec
Starting optimization iteration 88
End of training - Time       0.04 sec
Model fitting time     0.0446 sec
Total RS time     0.0777 sec
Optimization function time     0.1533 sec
Starting local search iteration: , #configs:30
0, 
1, 
2, 
3, 
4, 
5, 
6, 
7, 
8, 
9, 
10, 
11, 
12, 
13, 
14, 
15, 
16, 
17, 
18, 
19, 
20, 
21, 
22, 
23, 
24, 
25, 
26, 
27, 
28, 
29, 
Multi-start LS time     0.2613 sec
MSLS time     0.4264 sec
Local search time     0.6637 sec
Loss computed by CAFQA VQE is -7.830905584637066, in 0.0124955999199301 s.
x0,x1,x2,x3,x4,x5,x6,x7,x8,x9,x10,x11,x12,x13,x14,x15,value,Timestamp
2,0,3,3,1,0,0,2,2,0,1,3,3,1,3,2,-7.830905584637066,60118

Black box function time     0.0159 sec
Total iteration time     0.7245 sec
Starting optimization iteration 89
End of training - Time       0.04 sec
Model fitting time     0.0448 sec
Total RS time     0.0780 sec
Optimization function time     0.1415 sec
Starting local search iteration: , #configs:30
0, 
1, 
2, 
3, 
4, 
5, 
6, 
7, 
8, 
9, 
10, 
11, 
12, 
13, 
14, 
15, 
16, 
17, 
18, 
19, 
20, 
21, 
22, 
23, 
24, 
25, 
26, 
27, 
28, 
29, 
Multi-start LS time     0.2849 sec
MSLS time     0.4575 sec
Local search time     0.6835 sec
Loss computed by CAFQA VQE is -6.367560694390155, in 0.012167769018560648 s.
x0,x1,x2,x3,x4,x5,x6,x7,x8,x9,x10,x11,x12,x13,x14,x15,value,Timestamp
0,3,1,3,2,2,0,2,0,1,2,3,0,0,0,2,-6.367560694390155,60863

Black box function time     0.0157 sec
Total iteration time     0.7442 sec
Starting optimization iteration 90
End of training - Time       0.05 sec
Model fitting time     0.0453 sec
Total RS time     0.0771 sec
Optimization function time     0.1382 sec
Starting local search iteration: , #configs:30
0, 
1, 
2, 
3, 
4, 
5, 
6, 
7, 
8, 
9, 
10, 
11, 
12, 
13, 
14, 
15, 
16, 
17, 
18, 
19, 
20, 
21, 
22, 
23, 
24, 
25, 
26, 
27, 
28, 
29, 
Multi-start LS time     0.2725 sec
MSLS time     0.4475 sec
Local search time     0.6693 sec
Loss computed by CAFQA VQE is -6.726304946194493, in 0.013490184210240841 s.
x0,x1,x2,x3,x4,x5,x6,x7,x8,x9,x10,x11,x12,x13,x14,x15,value,Timestamp
2,3,3,3,0,2,0,2,1,1,1,3,2,0,3,3,-6.726304946194493,61596

Black box function time     0.0169 sec
Total iteration time     0.7318 sec
Starting optimization iteration 91
End of training - Time       0.05 sec
Model fitting time     0.0454 sec
Total RS time     0.0780 sec
Optimization function time     0.1452 sec
Starting local search iteration: , #configs:30
0, 
1, 
2, 
3, 
4, 
5, 
6, 
7, 
8, 
9, 
10, 
11, 
12, 
13, 
14, 
15, 
16, 
17, 
18, 
19, 
20, 
21, 
22, 
23, 
24, 
25, 
26, 
27, 
28, 
29, 
Multi-start LS time     0.2742 sec
MSLS time     0.4376 sec
Local search time     0.6671 sec
Loss computed by CAFQA VQE is -7.767320163607305, in 0.01258106017485261 s.
x0,x1,x2,x3,x4,x5,x6,x7,x8,x9,x10,x11,x12,x13,x14,x15,value,Timestamp
2,2,3,3,3,0,0,2,2,2,1,2,3,0,3,3,-7.767320163607305,62327

Black box function time     0.0159 sec
Total iteration time     0.7287 sec
Starting optimization iteration 92
End of training - Time       0.04 sec
Model fitting time     0.0445 sec
0.07134954410354666 < 0.1 random sampling a configuration to run
Local search time     0.0005 sec
Loss computed by CAFQA VQE is -3.2602158506367274, in 0.012044960865750909 s.
x0,x1,x2,x3,x4,x5,x6,x7,x8,x9,x10,x11,x12,x13,x14,x15,value,Timestamp
0,3,1,2,2,0,3,1,2,1,2,3,2,3,3,2,-3.2602158506367274,62388

Black box function time     0.0151 sec
Total iteration time     0.0604 sec
Starting optimization iteration 93
End of training - Time       0.04 sec
Model fitting time     0.0446 sec
Total RS time     0.0781 sec
Optimization function time     0.1412 sec
Starting local search iteration: , #configs:30
0, 
1, 
2, 
3, 
4, 
5, 
6, 
7, 
8, 
9, 
10, 
11, 
12, 
13, 
14, 
15, 
16, 
17, 
18, 
19, 
20, 
21, 
22, 
23, 
24, 
25, 
26, 
27, 
28, 
29, 
Multi-start LS time     0.2622 sec
MSLS time     0.4330 sec
Local search time     0.6589 sec
Loss computed by CAFQA VQE is -7.767320141888962, in 0.01310491911135614 s.
x0,x1,x2,x3,x4,x5,x6,x7,x8,x9,x10,x11,x12,x13,x14,x15,value,Timestamp
2,2,3,3,2,0,0,2,2,2,1,2,3,1,3,2,-7.767320141888962,63110

Black box function time     0.0164 sec
Total iteration time     0.7202 sec
Starting optimization iteration 94
End of training - Time       0.05 sec
Model fitting time     0.0474 sec
Total RS time     0.0774 sec
Optimization function time     0.1431 sec
Starting local search iteration: , #configs:30
0, 
1, 
2, 
3, 
4, 
5, 
6, 
7, 
8, 
9, 
10, 
11, 
12, 
13, 
14, 
15, 
16, 
17, 
18, 
19, 
20, 
21, 
22, 
23, 
24, 
25, 
26, 
27, 
28, 
29, 
Multi-start LS time     0.2762 sec
MSLS time     0.4127 sec
Local search time     0.6398 sec
Loss computed by CAFQA VQE is -7.767320163607306, in 0.013575643999502063 s.
x0,x1,x2,x3,x4,x5,x6,x7,x8,x9,x10,x11,x12,x13,x14,x15,value,Timestamp
2,3,3,3,3,0,0,2,2,2,1,3,3,3,3,2,-7.767320163607306,63816

Black box function time     0.0172 sec
Total iteration time     0.7047 sec
Starting optimization iteration 95
End of training - Time       0.05 sec
Model fitting time     0.0458 sec
Total RS time     0.0769 sec
Optimization function time     0.1433 sec
Starting local search iteration: , #configs:30
0, 
1, 
2, 
3, 
4, 
5, 
6, 
7, 
8, 
9, 
10, 
11, 
12, 
13, 
14, 
15, 
16, 
17, 
18, 
19, 
20, 
21, 
22, 
23, 
24, 
25, 
26, 
27, 
28, 
29, 
Multi-start LS time     0.2698 sec
MSLS time     0.4387 sec
Local search time     0.6653 sec
Loss computed by CAFQA VQE is -7.52808329719237, in 0.01395119703374803 s.
x0,x1,x2,x3,x4,x5,x6,x7,x8,x9,x10,x11,x12,x13,x14,x15,value,Timestamp
2,3,3,3,3,3,0,2,2,2,1,1,3,1,1,3,-7.52808329719237,64546

Black box function time     0.0175 sec
Total iteration time     0.7289 sec
Starting optimization iteration 96
End of training - Time       0.05 sec
Model fitting time     0.0479 sec
0.018748432333026366 < 0.1 random sampling a configuration to run
Local search time     0.0005 sec
Loss computed by CAFQA VQE is -4.802831212899106, in 0.012321524089202285 s.
x0,x1,x2,x3,x4,x5,x6,x7,x8,x9,x10,x11,x12,x13,x14,x15,value,Timestamp
3,2,3,3,1,3,1,3,0,1,0,2,1,3,2,2,-4.802831212899106,64612

Black box function time     0.0154 sec
Total iteration time     0.0641 sec
Starting optimization iteration 97
End of training - Time       0.05 sec
Model fitting time     0.0480 sec
0.058838228725031305 < 0.1 random sampling a configuration to run
Local search time     0.0005 sec
Loss computed by CAFQA VQE is -4.520305726169104, in 0.01124371588230133 s.
x0,x1,x2,x3,x4,x5,x6,x7,x8,x9,x10,x11,x12,x13,x14,x15,value,Timestamp
0,0,0,3,3,1,2,0,3,2,1,2,1,2,0,0,-4.520305726169104,64676

Black box function time     0.0144 sec
Total iteration time     0.0631 sec
Starting optimization iteration 98
End of training - Time       0.05 sec
Model fitting time     0.0474 sec
Total RS time     0.0789 sec
Optimization function time     0.1466 sec
Starting local search iteration: , #configs:30
0, 
1, 
2, 
3, 
4, 
5, 
6, 
7, 
8, 
9, 
10, 
11, 
12, 
13, 
14, 
15, 
16, 
17, 
18, 
19, 
20, 
21, 
22, 
23, 
24, 
25, 
26, 
27, 
28, 
29, 
Multi-start LS time     0.2821 sec
MSLS time     0.4213 sec
Local search time     0.6533 sec
Loss computed by CAFQA VQE is -7.830905584637066, in 0.01248011295683682 s.
x0,x1,x2,x3,x4,x5,x6,x7,x8,x9,x10,x11,x12,x13,x14,x15,value,Timestamp
2,0,3,3,2,0,0,2,2,0,1,3,1,0,3,2,-7.830905584637066,65395

Black box function time     0.0161 sec
Total iteration time     0.7171 sec
Starting optimization iteration 99
End of training - Time       0.05 sec
Model fitting time     0.0483 sec
Total RS time     0.0775 sec
Optimization function time     0.1464 sec
Starting local search iteration: , #configs:30
0, 
1, 
2, 
3, 
4, 
5, 
6, 
7, 
8, 
9, 
10, 
11, 
12, 
13, 
14, 
15, 
16, 
17, 
18, 
19, 
20, 
21, 
22, 
23, 
24, 
25, 
26, 
27, 
28, 
29, 
Multi-start LS time     0.2997 sec
MSLS time     0.4391 sec
Local search time     0.6695 sec
Loss computed by CAFQA VQE is -3.1836349426269424, in 0.01205513603053987 s.
x0,x1,x2,x3,x4,x5,x6,x7,x8,x9,x10,x11,x12,x13,x14,x15,value,Timestamp
1,0,3,3,0,0,0,2,2,0,3,3,3,0,1,2,-3.1836349426269424,66130

Black box function time     0.0159 sec
Total iteration time     0.7339 sec
Starting optimization iteration 100
End of training - Time       0.05 sec
Model fitting time     0.0481 sec
Total RS time     0.0788 sec
Optimization function time     0.1390 sec
Starting local search iteration: , #configs:30
0, 
1, 
2, 
3, 
4, 
5, 
6, 
7, 
8, 
9, 
10, 
11, 
12, 
13, 
14, 
15, 
16, 
17, 
18, 
19, 
20, 
21, 
22, 
23, 
24, 
25, 
26, 
27, 
28, 
29, 
Multi-start LS time     0.2765 sec
MSLS time     0.4504 sec
Local search time     0.6747 sec
Loss computed by CAFQA VQE is -5.21498522990896, in 0.011572435032576323 s.
x0,x1,x2,x3,x4,x5,x6,x7,x8,x9,x10,x11,x12,x13,x14,x15,value,Timestamp
0,1,3,3,0,3,0,2,2,0,1,0,0,0,0,3,-5.21498522990896,66870

Black box function time     0.0153 sec
Total iteration time     0.7384 sec
End of BO phase - Time    65.4691 sec
End of Bayesian Optimization
End of training - Time       0.05 sec
Total RS time     0.0769 sec
Optimization function time     0.1303 sec
Starting local search iteration: , #configs:30
0, 
1, 
2, 
3, 
4, 
5, 
6, 
7, 
8, 
9, 
10, 
11, 
12, 
13, 
14, 
15, 
16, 
17, 
18, 
19, 
20, 
21, 
22, 
23, 
24, 
25, 
26, 
27, 
28, 
29, 
Multi-start LS time     0.2817 sec
MSLS time     0.4519 sec
Minimum of the posterior mean:
x0,x1,x2,x3,x4,x5,x6,x7,x8,x9,x10,x11,x12,x13,x14,x15,value
2,2,3,3,3,3,0,2,2,2,1,3,3,0,3,0,-7.830905584637066

Total script time      67.59 sec
Best point found:
x0,x1,x2,x3,x4,x5,x6,x7,x8,x9,x10,x11,x12,x13,x14,x15,value
2,0,3,3,2,3,0,2,2,0,1,3,3,0,2,2,-7.830905584637066

End of HyperMapper
